C:3c6dc6ad356925d0e82e156eaf40d4187b024234
P:
A:Kah Loun Foong
E:fkloun@gmail.com
R:Kah Loun Foong
F:fkloun@gmail.com
D:1337598266
S:first commit
B:
@@fe_body_end@@
:000000 100644 0000000000000000000000000000000000000000 e69de29bb2d1d6434b8b29ae775ad8c2e48c5391 A	README

C:57893a910e50f81447b6bbaa919fd565fa42625c
P:3c6dc6ad356925d0e82e156eaf40d4187b024234
A:Kah Loun Foong
E:fkloun@gmail.com
R:Kah Loun Foong
F:fkloun@gmail.com
D:1337598841
S:TST-2
B:
@@fe_body_end@@
:100644 100644 e69de29bb2d1d6434b8b29ae775ad8c2e48c5391 78bb043bd91eed11eff261ee0e480236e99e9323 M	README

C:e046e94474de27f9e8ae5e3feb698e1ed37036d0
P:57893a910e50f81447b6bbaa919fd565fa42625c
A:Kah Loun Foong
E:fkloun@gmail.com
R:Kah Loun Foong
F:fkloun@gmail.com
D:1337669046
S:TST-2: Issue summary 0
B:
@@fe_body_end@@
:100644 100644 78bb043bd91eed11eff261ee0e480236e99e9323 b82024b046b937bb8401f241f72c1f301bcbd114 M	README

C:036a91f24c818b9d05e7d7f6e21315737610efea
P:e046e94474de27f9e8ae5e3feb698e1ed37036d0
A:Kah Loun Foong
E:fkloun@gmail.com
R:Kah Loun Foong
F:fkloun@gmail.com
D:1337669433
S:TST-2
B:
@@fe_body_end@@
:100644 100644 b82024b046b937bb8401f241f72c1f301bcbd114 81cb51b6906a737ea36c184bc56599c1c442d098 M	README

C:3db4df1e6cd8a4c96940aeb43ded1cf883220f8c
P:036a91f24c818b9d05e7d7f6e21315737610efea
A:Kah Loun Foong
E:fkloun@gmail.com
R:Kah Loun Foong
F:fkloun@gmail.com
D:1337669765
S:TST-2 test
B:
@@fe_body_end@@
:100644 100644 81cb51b6906a737ea36c184bc56599c1c442d098 e5df4d342479a8cb3ebac5c41b28f64af9837099 M	README

C:da83cc072e69ac4e01c38e11deb771c90acf8c40
P:3db4df1e6cd8a4c96940aeb43ded1cf883220f8c
A:Kah Loun Foong
E:fkloun@gmail.com
R:Kah Loun Foong
F:fkloun@gmail.com
D:1337669952
S:XWIKI-1: hello world
B:
@@fe_body_end@@
:100644 100644 e5df4d342479a8cb3ebac5c41b28f64af9837099 55810104f875b65c3c1b31efd9683020adfdd5bd M	README

C:33a13c441b4f1adb3956c58505c89684f430abe8
P:da83cc072e69ac4e01c38e11deb771c90acf8c40
A:Kah Loun Foong
E:fkloun@gmail.com
R:Kah Loun Foong
F:fkloun@gmail.com
D:1337672425
S:TST-2
B:
@@fe_body_end@@
:100644 100644 55810104f875b65c3c1b31efd9683020adfdd5bd 09c981b556ead7d6f051314102e520446cde845b M	README

C:d77aae3a1bd641ce2955e03efb7b60d9ac9cf04f
P:33a13c441b4f1adb3956c58505c89684f430abe8
A:kah loun
E:fkloun@hotmail.com
R:kah loun
F:fkloun@hotmail.com
D:1345458470
S:TST-1
B:
@@fe_body_end@@
:000000 100755 0000000000000000000000000000000000000000 3d97a23462a4a0e5a8779bd46df75d7ee10a87fe A	atlassian-greenhopper.log

C:0ff10ae366f9d86280d4243c4c321a6e4cbfde02
P:d77aae3a1bd641ce2955e03efb7b60d9ac9cf04f
A:fkloun
E:fkloun@hotmail.com
R:fkloun
F:fkloun@hotmail.com
D:1346167289
S:new branch file
B:
@@fe_body_end@@
:000000 100644 0000000000000000000000000000000000000000 3aa177d54dd59bdf2862978a4cfa51f5d69729a5 A	testfile

C:15d66ff8e295238e873a049b862eafd21c2b2cb0
P:0ff10ae366f9d86280d4243c4c321a6e4cbfde02
A:fkloun
E:fkloun@hotmail.com
R:fkloun
F:fkloun@hotmail.com
D:1346169437
S:test 2 file
B:
@@fe_body_end@@
:000000 100644 0000000000000000000000000000000000000000 67f815914e70d2012333da3a8f9b3e044c693d8d A	test2file

C:d172ac784ff5e1753d2fa930da6388f0c95eeda1
P:0ff10ae366f9d86280d4243c4c321a6e4cbfde02
A:kah loun
E:fkloun@gmail.com
R:kah loun
F:fkloun@gmail.com
D:1350897768
S:test +review CR
B:
@@fe_body_end@@
:100755 000000 3d97a23462a4a0e5a8779bd46df75d7ee10a87fe 0000000000000000000000000000000000000000 D	atlassian-greenhopper.log

C:600418072d5106bbb3016d99feaa4e1d1711cbe2
P:d172ac784ff5e1753d2fa930da6388f0c95eeda1 15d66ff8e295238e873a049b862eafd21c2b2cb0
A:kah loun
E:fkloun@gmail.com
R:kah loun
F:fkloun@gmail.com
D:1350898207
S:Merge branch 'newbranch2'
B:
@@fe_body_end@@
:000000 100644 0000000000000000000000000000000000000000 67f815914e70d2012333da3a8f9b3e044c693d8d A	test2file

C:600418072d5106bbb3016d99feaa4e1d1711cbe2
P:d172ac784ff5e1753d2fa930da6388f0c95eeda1 15d66ff8e295238e873a049b862eafd21c2b2cb0
A:kah loun
E:fkloun@gmail.com
R:kah loun
F:fkloun@gmail.com
D:1350898207
S:Merge branch 'newbranch2'
B:
@@fe_body_end@@
:100755 000000 3d97a23462a4a0e5a8779bd46df75d7ee10a87fe 0000000000000000000000000000000000000000 D	atlassian-greenhopper.log

C:0882277e42414b57dc06537022830c4b4118fde4
P:600418072d5106bbb3016d99feaa4e1d1711cbe2
A:kah loun
E:fkloun@gmail.com
R:kah loun
F:fkloun@gmail.com
D:1350898761
S:add testfile +review CR
B:
@@fe_body_end@@
:100644 100644 3aa177d54dd59bdf2862978a4cfa51f5d69729a5 f9a331061b80206b9000b60d0127fe2229ec6b98 M	testfile

C:81d9466d2235944eabc4dabbc39e52cb9b13fbed
P:0882277e42414b57dc06537022830c4b4118fde4
A:kah loun
E:fkloun@gmail.com
R:kah loun
F:fkloun@gmail.com
D:1350898975
S:edit testfile +review CR
B:
@@fe_body_end@@
:100644 100644 f9a331061b80206b9000b60d0127fe2229ec6b98 198c911eebae6c7e48ea25364ef497eb1c2b56cf M	testfile

C:99718f1bcc9e5d91ba028b292b607c21527c86ae
P:81d9466d2235944eabc4dabbc39e52cb9b13fbed
A:kah loun
E:fkloun@gmail.com
R:kah loun
F:fkloun@gmail.com
D:1350899150
S:+review CR
B:
@@fe_body_end@@
:100644 100644 198c911eebae6c7e48ea25364ef497eb1c2b56cf 6382e0d99722a2107add960dc1cfeb3b81ad7b37 M	testfile

C:71a50892fb4858543d9a447cc9552bc36e33a417
P:99718f1bcc9e5d91ba028b292b607c21527c86ae
A:kah loun
E:fkloun@gmail.com
R:kah loun
F:fkloun@gmail.com
D:1351003422
S:TST-1 #comment testing #close TST-1 test +review CR
B:
@@fe_body_end@@
:100644 100644 6382e0d99722a2107add960dc1cfeb3b81ad7b37 198c911eebae6c7e48ea25364ef497eb1c2b56cf M	testfile

C:c1d7c9edfc52a9d8184f07307c707c48f875367f
P:71a50892fb4858543d9a447cc9552bc36e33a417
A:kah loun
E:fkloun@gmail.com
R:kah loun
F:fkloun@gmail.com
D:1351003991
S:TST-1 #comment testing #close
B:
@@fe_body_end@@
:100644 100644 198c911eebae6c7e48ea25364ef497eb1c2b56cf 5fca8b61ddbcee34a60eb68f297516f9a3985684 M	testfile

C:2d49f0ec23d51afc2be82b47de50f7caca6295f1
P:c1d7c9edfc52a9d8184f07307c707c48f875367f
A:kah loun
E:fkloun@gmail.com
R:kah loun
F:fkloun@gmail.com
D:1351004166
S:TST-1 #comment testing #close
B:
@@fe_body_end@@
:100644 100644 5fca8b61ddbcee34a60eb68f297516f9a3985684 f665a1f7972518e8d6329fd8c2922db2bc7efe19 M	testfile

C:1d907b50a0c8b2ddf7c431fbcdd2e810589b8831
P:2d49f0ec23d51afc2be82b47de50f7caca6295f1
A:kah loun
E:fkloun@gmail.com
R:kah loun
F:fkloun@gmail.com
D:1351004310
S:TST-1 #comment testing #reopen-issue \n TST-1 test +review CR
B:
@@fe_body_end@@
:100644 100644 f665a1f7972518e8d6329fd8c2922db2bc7efe19 96c3d58117431809cb8ed015a58de7840ce33f0f M	testfile

C:d2667d349c8a75b0150739754540edd6380493d4
P:1d907b50a0c8b2ddf7c431fbcdd2e810589b8831
A:kah loun
E:fkloun@gmail.com
R:kah loun
F:fkloun@gmail.com
D:1351004464
S:TST-1 #comment testing #reopen-issue \n TST-1 test +review CR
B:
@@fe_body_end@@
:100644 100644 96c3d58117431809cb8ed015a58de7840ce33f0f a43bebe7d5dc864c903a4f08b511746446b1ae43 M	testfile

C:b4bdbea76695696e0735fd3d58c97a7d87192d7c
P:d2667d349c8a75b0150739754540edd6380493d4
A:kah loun
E:fkloun@gmail.com
R:kah loun
F:fkloun@gmail.com
D:1351237607
S:对修复文件产生的异常记录到日志文件中
B:
@@fe_body_end@@
:100644 100644 a43bebe7d5dc864c903a4f08b511746446b1ae43 ce9ca27cd1ecac467e24f5f411a37b7c8e8f4f09 M	testfile

C:ca7004af7dca7c8d67da89cc92810f02676f5212
P:b4bdbea76695696e0735fd3d58c97a7d87192d7c
A:kah loun
E:fkloun@gmail.com
R:kah loun
F:fkloun@gmail.com
D:1351779750
S:patchtest
B:
@@fe_body_end@@
:100644 100644 ce9ca27cd1ecac467e24f5f411a37b7c8e8f4f09 e20451763dab7e13783e3a151a34dafe847db637 M	testfile

C:b683986097d07be28ce6dff6e1170d5a84b7c543
P:ca7004af7dca7c8d67da89cc92810f02676f5212
A:kah loun
E:fkloun@gmail.com
R:kah loun
F:fkloun@gmail.com
D:1352287687
S:patch
B:
@@fe_body_end@@
:000000 100644 0000000000000000000000000000000000000000 9055604422826f09193f01b7355260e38e4a960d A	patch.xml

C:23ba46075832597247d30547a03367c777208429
P:b683986097d07be28ce6dff6e1170d5a84b7c543
A:kah loun
E:fkloun@gmail.com
R:kah loun
F:fkloun@gmail.com
D:1352301940
S:Fix a bug +review CR-TEST
B:
@@fe_body_end@@
:100644 100644 e20451763dab7e13783e3a151a34dafe847db637 9ec1b579fd05341c6176bd5c9ed9a4c3128fcbb2 M	testfile

C:d6ae7d43e5ec13cbe84cb2f99f0fe8d923b6f361
P:23ba46075832597247d30547a03367c777208429
A:kah loun
E:fkloun@gmail.com
R:kah loun
F:fkloun@gmail.com
D:1353411641
S:TST-1
B:
@@fe_body_end@@
:100644 100644 9ec1b579fd05341c6176bd5c9ed9a4c3128fcbb2 a22afb2a10ead4ae792e3a02315c6cec4f259177 M	testfile

C:57e6c33856227989f3af6a62c0c05f178419182c
P:d6ae7d43e5ec13cbe84cb2f99f0fe8d923b6f361
A:kah loun
E:fkloun@gmail.com
R:kah loun
F:fkloun@gmail.com
D:1353411830
S:TST-1
B:
@@fe_body_end@@
:100644 100644 a22afb2a10ead4ae792e3a02315c6cec4f259177 5c2a4b6ae9eec15a8a1afc0faa737f80271199f6 M	testfile

C:6db06bb8b28add9fc5f9e687d7b6d85be75237cf
P:57e6c33856227989f3af6a62c0c05f178419182c
A:kah loun
E:fkloun@gmail.com
R:kah loun
F:fkloun@gmail.com
D:1354889271
S:new branch file
B:
@@fe_body_end@@
:000000 100644 0000000000000000000000000000000000000000 7ddeafa288d6b31e96e1036ba2ad64aaee0e41f7 A	branches/test2

C:3fc05d7f0d6eee39aca875f9f2129ae006dcc2d6
P:6db06bb8b28add9fc5f9e687d7b6d85be75237cf
A:kah loun
E:fkloun@gmail.com
R:kah loun
F:fkloun@gmail.com
D:1355910898
S:patch
B:
@@fe_body_end@@
:000000 100644 0000000000000000000000000000000000000000 5008ddfcf53c02e82d7eee2e57c38e5672ef89f6 A	.DS_Store
:100644 100644 67f815914e70d2012333da3a8f9b3e044c693d8d 176eeab55a0945261ed2fc514b31da561cefd278 M	test2file

C:f3f9d12dd52110afbec27f1746af4aab8645bcca
P:3fc05d7f0d6eee39aca875f9f2129ae006dcc2d6
A:kah loun
E:fkloun@gmail.com
R:kah loun
F:fkloun@gmail.com
D:1355913434
S:patch 2
B:
@@fe_body_end@@
:100644 100644 9055604422826f09193f01b7355260e38e4a960d 48352aa6a02a4e59e3d3916c5b1fbcf932cf9c79 M	patch.xml
:100644 100644 176eeab55a0945261ed2fc514b31da561cefd278 d15f0b3e6b935ca62720129be5dda8a3f8aabb02 M	test2file

C:ae724c8cde637ef5cca14ac613b28eec94014485
P:f3f9d12dd52110afbec27f1746af4aab8645bcca
A:kah loun
E:fkloun@gmail.com
R:kah loun
F:fkloun@gmail.com
D:1355999676
S:+review CR @admin
B:
@@fe_body_end@@
:100644 100644 48352aa6a02a4e59e3d3916c5b1fbcf932cf9c79 e3169466da6549c2f845edc560eb14257899e9d4 M	patch.xml

C:d7e29b5ed421dbf8d8bb59920718fe29a2103832
P:ae724c8cde637ef5cca14ac613b28eec94014485
A:kah loun
E:fkloun@gmail.com
R:kah loun
F:fkloun@gmail.com
D:1356000001
S:+review CR @admin
B:
@@fe_body_end@@
:100644 100644 5c2a4b6ae9eec15a8a1afc0faa737f80271199f6 8c35471c7df1e5198c11b4f4fa4a189ed6b08d50 M	testfile

C:2aca0e1cf18b1912e07fa24fc7b20f9b3a2b1ba9
P:d7e29b5ed421dbf8d8bb59920718fe29a2103832
A:kah loun
E:fkloun@gmail.com
R:kah loun
F:fkloun@gmail.com
D:1356000085
S:testing +review CR @admin
B:
@@fe_body_end@@
:100644 100644 8c35471c7df1e5198c11b4f4fa4a189ed6b08d50 a3e721e41255fe71fbb8165e4e90c01c2ddb218d M	testfile

C:be519b398e1650b02821f5bedac08ae40e82b60b
P:2aca0e1cf18b1912e07fa24fc7b20f9b3a2b1ba9
A:kah loun
E:fkloun@gmail.com
R:kah loun
F:fkloun@gmail.com
D:1356000182
S:testing 2 +review CR @admin
B:
@@fe_body_end@@
:100644 100644 a3e721e41255fe71fbb8165e4e90c01c2ddb218d 574597d6ec8f75744e2985a74019d676b0e8760a M	testfile

C:111d41e23d96d7a0ee16054aed7790df99375d17
P:be519b398e1650b02821f5bedac08ae40e82b60b
A:kah loun
E:fkloun@gmail.com
R:kah loun
F:fkloun@gmail.com
D:1356000916
S:testing 3 +review CR @admin
B:
@@fe_body_end@@
:100644 100644 574597d6ec8f75744e2985a74019d676b0e8760a b7a330e35a026e76ff4e701a5df43aa90be40988 M	testfile

C:8e853b48d699d77ed6b23ad78bb034fffdff287b
P:111d41e23d96d7a0ee16054aed7790df99375d17
A:kah loun
E:fkloun@gmail.com
R:kah loun
F:fkloun@gmail.com
D:1356001037
S:testing 4 +review CR @admin
B:
@@fe_body_end@@
:100644 100644 b7a330e35a026e76ff4e701a5df43aa90be40988 cb476044319ea93e7cac850aea92623fa9a97aa9 M	testfile

C:9dac0cd097fc7cd3e6bc71500947fcfca83d7154
P:8e853b48d699d77ed6b23ad78bb034fffdff287b
A:kah loun
E:fkloun@gmail.com
R:kah loun
F:fkloun@gmail.com
D:1356001145
S:testing 5 +review CR @admin @kahloun.foong
B:
@@fe_body_end@@
:100644 100644 cb476044319ea93e7cac850aea92623fa9a97aa9 8fd13bb4d116e272373d961f1b9a34e0e9b15f66 M	testfile

C:359a09c0036c03d252ab04c6b3758470a3e0f1e6
P:9dac0cd097fc7cd3e6bc71500947fcfca83d7154
A:kah loun
E:fkloun@gmail.com
R:kah loun
F:fkloun@gmail.com
D:1356001301
S:TST-1 testing +review CR @admin @kahloun.foong
B:
@@fe_body_end@@
:100644 100644 8fd13bb4d116e272373d961f1b9a34e0e9b15f66 75267865ce8b2a3057eabd7404ba1c3c8543c04e M	testfile

C:b86b18f3558edc8f087fdc8e9eba16b9095abab5
P:359a09c0036c03d252ab04c6b3758470a3e0f1e6
A:kah loun
E:fkloun@gmail.com
R:kah loun
F:fkloun@gmail.com
D:1356077537
S:testing +review CR @kahloun.foong
B:
@@fe_body_end@@
:100644 100644 75267865ce8b2a3057eabd7404ba1c3c8543c04e d3a4947e5835b4d629920a54356854b193277214 M	testfile

C:d0d74ca6df794c156dde005a6344acedfd86b9d5
P:b86b18f3558edc8f087fdc8e9eba16b9095abab5
A:kah loun
E:fkloun@gmail.com
R:kah loun
F:fkloun@gmail.com
D:1356078348
S:testing2 +review CR @kahloun.foong
B:
@@fe_body_end@@
:100644 100644 d3a4947e5835b4d629920a54356854b193277214 072779f3f34874e720ae51a64ff91b9a7c3aa634 M	testfile

C:513c245875eac9e7cc186da4c584e32774dd3f7a
P:d0d74ca6df794c156dde005a6344acedfd86b9d5
A:kah loun
E:fkloun@gmail.com
R:kah loun
F:fkloun@gmail.com
D:1356078571
S:testing3 +review CR @kahloun.foong
B:
@@fe_body_end@@
:100644 100644 072779f3f34874e720ae51a64ff91b9a7c3aa634 007461fcede37f523e65268cfe3e39f0bc5286ee M	testfile

C:11717abfb06cb25e03adb111ebae2b38bc8642d3
P:513c245875eac9e7cc186da4c584e32774dd3f7a
A:kah loun
E:fkloun@gmail.com
R:kah loun
F:fkloun@gmail.com
D:1356078706
S:testing4 +review CR @kahloun.foong
B:
@@fe_body_end@@
:100644 100644 007461fcede37f523e65268cfe3e39f0bc5286ee 68f860580e5b56e9187968bd6eb5b6905f315231 M	testfile

C:496df880a7287110a8850f32cc6612585c7b1f89
P:11717abfb06cb25e03adb111ebae2b38bc8642d3
A:kah loun
E:fkloun@gmail.com
R:kah loun
F:fkloun@gmail.com
D:1356079077
S:testing5 +review CR @kahloun.foong
B:
@@fe_body_end@@
:100644 100644 68f860580e5b56e9187968bd6eb5b6905f315231 8c9d769ca3cff9870c685e9949867d6fd054b525 M	testfile

C:d4c75d09ad005b5ffb8f32f8b3714ae0b6f3c87e
P:496df880a7287110a8850f32cc6612585c7b1f89
A:kah loun
E:fkloun@gmail.com
R:kah loun
F:fkloun@gmail.com
D:1356079239
S:testing6 +review CR @kahloun.foong
B:
@@fe_body_end@@
:100644 100644 8c9d769ca3cff9870c685e9949867d6fd054b525 f639f05a37197d1d7b8274e74a0167529e8551b4 M	testfile

C:b703c33fa8a19334400d84e4ad5612b33be3c0ce
P:d4c75d09ad005b5ffb8f32f8b3714ae0b6f3c87e
A:kah loun
E:fkloun@gmail.com
R:kah loun
F:fkloun@gmail.com
D:1356079354
S:testing7 +review CR @kahloun.foong
B:
@@fe_body_end@@
:100644 100644 f639f05a37197d1d7b8274e74a0167529e8551b4 0fb4473060a1da0fce08f0e7512a4aa53fddb5c5 M	testfile

C:50ea316b40483848149ee264ae86968d6a1f9aa8
P:b703c33fa8a19334400d84e4ad5612b33be3c0ce
A:kah loun
E:fkloun@gmail.com
R:kah loun
F:fkloun@gmail.com
D:1356084870
S:add new file
B:
@@fe_body_end@@
:000000 100644 0000000000000000000000000000000000000000 9132c66b789e7231bbea44d5126ed288a9d6d41c A	test3file
:100644 100644 0fb4473060a1da0fce08f0e7512a4aa53fddb5c5 d9d4fdf18efe9257e67bf3c3e4ac492b6b027d87 M	testfile

C:e86885e0a957f36569ebeb6efed45db1a4f3be93
P:50ea316b40483848149ee264ae86968d6a1f9aa8
A:kah loun
E:fkloun@gmail.com
R:kah loun
F:fkloun@gmail.com
D:1354510726
S:newfile
B:
@@fe_body_end@@
:000000 100644 0000000000000000000000000000000000000000 e69de29bb2d1d6434b8b29ae775ad8c2e48c5391 A	branches/newfile

C:133e191cd95b78337980401d830c04e227a11b59
P:e86885e0a957f36569ebeb6efed45db1a4f3be93
A:kah loun
E:fkloun@gmail.com
R:kah loun
F:fkloun@gmail.com
D:1354165321
S:modified
B:
@@fe_body_end@@
:100644 100644 e69de29bb2d1d6434b8b29ae775ad8c2e48c5391 e194eb17005ae72720a274d01b4d47ac40ce1a81 M	branches/newfile

C:848ec9c957b701f392fe1975d8753a0e316ebbbc
P:133e191cd95b78337980401d830c04e227a11b59
A:kah loun
E:fkloun@gmail.com
R:kah loun
F:fkloun@gmail.com
D:1356507346
S:new folder
B:
@@fe_body_end@@
:100644 100644 5008ddfcf53c02e82d7eee2e57c38e5672ef89f6 1435b62eb8559d019117a7c0901d7c13d56eb72a M	.DS_Store
:000000 100644 0000000000000000000000000000000000000000 e69de29bb2d1d6434b8b29ae775ad8c2e48c5391 A	testfolder/file

C:386a599b9201e4a0d988250aac35b2653388c886
P:848ec9c957b701f392fe1975d8753a0e316ebbbc
A:kah loun
E:fkloun@gmail.com
R:kah loun
F:fkloun@gmail.com
D:1356507714
S:delete file
B:
@@fe_body_end@@
:100644 000000 e69de29bb2d1d6434b8b29ae775ad8c2e48c5391 0000000000000000000000000000000000000000 D	testfolder/file

C:ab9981bd5cea9de9432def1b7b05f45d9feaabeb
P:386a599b9201e4a0d988250aac35b2653388c886
A:kah loun
E:fkloun@gmail.com
R:kah loun
F:fkloun@gmail.com
D:1356508044
S:file2
B:
@@fe_body_end@@
:000000 100644 0000000000000000000000000000000000000000 e69de29bb2d1d6434b8b29ae775ad8c2e48c5391 A	testfolder/file2

C:6c3524650e2193047288be7451d3ccb621feb615
P:ab9981bd5cea9de9432def1b7b05f45d9feaabeb
A:kah loun
E:fkloun@gmail.com
R:kah loun
F:fkloun@gmail.com
D:1356508094
S:delete file2
B:
@@fe_body_end@@
:100644 000000 e69de29bb2d1d6434b8b29ae775ad8c2e48c5391 0000000000000000000000000000000000000000 D	testfolder/file2

C:1c6a38e4a09612270f95efc27b22855516f33f67
P:6c3524650e2193047288be7451d3ccb621feb615
A:kah loun
E:fkloun@gmail.com
R:kah loun
F:fkloun@gmail.com
D:1356677982
S:tab
B:
@@fe_body_end@@
:100644 100644 d15f0b3e6b935ca62720129be5dda8a3f8aabb02 e52792c69d561112df90efe562f310f870ba300a M	test2file
:000000 100644 0000000000000000000000000000000000000000 e69de29bb2d1d6434b8b29ae775ad8c2e48c5391 A	testfolder/file3

C:6bb96556817400ab3edbf994667900bccb91d211
P:1c6a38e4a09612270f95efc27b22855516f33f67
A:kah loun
E:fkloun@gmail.com
R:kah loun
F:fkloun@gmail.com
D:1356678178
S:referlink
B:
@@fe_body_end@@
:100644 100644 e52792c69d561112df90efe562f310f870ba300a c84ad1762cbe9c290addb37e854f7b68a907a0d8 M	test2file

C:036d5eaff0f54f9c5f9ca8f43fc652c143b28202
P:6bb96556817400ab3edbf994667900bccb91d211
A:kah loun
E:fkloun@gmail.com
R:kah loun
F:fkloun@gmail.com
D:1357193523
S:tab
B:
@@fe_body_end@@
:100644 100644 9132c66b789e7231bbea44d5126ed288a9d6d41c 348bf04b379a0dd15850f0754d1328abc2cc0582 M	test3file

C:b3e51eacfe6b429eadfdef22a41bb59cbde32e76
P:036d5eaff0f54f9c5f9ca8f43fc652c143b28202
A:kah loun
E:fkloun@gmail.com
R:kah loun
F:fkloun@gmail.com
D:1357193539
S:space
B:
@@fe_body_end@@
:100644 100644 348bf04b379a0dd15850f0754d1328abc2cc0582 0b4532a527d4fd280503231c392723b9a94945e0 M	test3file

C:5918011f57db36df6eb460d102a1e075fa985cb9
P:b3e51eacfe6b429eadfdef22a41bb59cbde32e76
A:kah loun
E:fkloun@gmail.com
R:kah loun
F:fkloun@gmail.com
D:1357193632
S:tab
B:
@@fe_body_end@@
:100644 100644 0b4532a527d4fd280503231c392723b9a94945e0 6d45f6a9f404552a2e5799089627d9ccfccacbd6 M	test3file

C:75b52ec395cc7355b3139ce6aa4ef61939fb3e63
P:5918011f57db36df6eb460d102a1e075fa985cb9
A:kah loun
E:fkloun@gmail.com
R:kah loun
F:fkloun@gmail.com
D:1357193644
S:space
B:
@@fe_body_end@@
:100644 100644 6d45f6a9f404552a2e5799089627d9ccfccacbd6 49fd5d2dcb642dd8e54eb19098dc8ddd1f231430 M	test3file

C:d55a70942ff7906025e64b37763c2c75fd1bce26
P:75b52ec395cc7355b3139ce6aa4ef61939fb3e63
A:kah loun
E:fkloun@gmail.com
R:kah loun
F:fkloun@gmail.com
D:1358748603
S:long file name
B:
@@fe_body_end@@
:000000 100644 0000000000000000000000000000000000000000 23a3a9d599131d7f61b7383e5814c63e63ed186d A	very long file nameeeeeeeeeeeeeeeeeeeeeeeeeeeeeeeeeeeeeeeeeeeeeeeeeeeeeeeeeeeeeeeeeeeeeeeeeeeeeeeeeeeeeeeeeeeeeeeeeeeeeeeeeeeeeeeeeeeeeeeeeeeeeeeeeeeeeeeeeeeeeeeeeeeeeeeeeeee.txt

C:4ec2aea040567182c2a63d081e785823cd1ec62d
P:ca7004af7dca7c8d67da89cc92810f02676f5212
A:kah loun
E:fkloun@gmail.com
R:kah loun
F:fkloun@gmail.com
D:1361947020
S:japan
B:
@@fe_body_end@@
:000000 100644 0000000000000000000000000000000000000000 1435b62eb8559d019117a7c0901d7c13d56eb72a A	.DS_Store
:000000 100644 0000000000000000000000000000000000000000 cd91fae9e94aa4c704611cbcce3107fa702b4440 A	b.txt
:000000 100644 0000000000000000000000000000000000000000 e194eb17005ae72720a274d01b4d47ac40ce1a81 A	branches/newfile
:000000 100644 0000000000000000000000000000000000000000 7ddeafa288d6b31e96e1036ba2ad64aaee0e41f7 A	branches/test2
:000000 100644 0000000000000000000000000000000000000000 e3169466da6549c2f845edc560eb14257899e9d4 A	patch.xml
:100644 100644 67f815914e70d2012333da3a8f9b3e044c693d8d c84ad1762cbe9c290addb37e854f7b68a907a0d8 M	test2file
:000000 100644 0000000000000000000000000000000000000000 49fd5d2dcb642dd8e54eb19098dc8ddd1f231430 A	test3file
:100644 100644 e20451763dab7e13783e3a151a34dafe847db637 d9d4fdf18efe9257e67bf3c3e4ac492b6b027d87 M	testfile
:000000 100644 0000000000000000000000000000000000000000 e69de29bb2d1d6434b8b29ae775ad8c2e48c5391 A	testfolder/file3
:000000 100644 0000000000000000000000000000000000000000 23a3a9d599131d7f61b7383e5814c63e63ed186d A	very long file nameeeeeeeeeeeeeeeeeeeeeeeeeeeeeeeeeeeeeeeeeeeeeeeeeeeeeeeeeeeeeeeeeeeeeeeeeeeeeeeeeeeeeeeeeeeeeeeeeeeeeeeeeeeeeeeeeeeeeeeeeeeeeeeeeeeeeeeeeeeeeeeeeeeeeeeeeeee.txt

C:0bf21ae64871598bcef87b2004f99c89fbff193f
P:4ec2aea040567182c2a63d081e785823cd1ec62d
A:kah loun
E:fkloun@gmail.com
R:kah loun
F:fkloun@gmail.com
D:1364448943
S:patch
B:
@@fe_body_end@@
:100644 100644 c84ad1762cbe9c290addb37e854f7b68a907a0d8 66a8badf01d4f5f1a0bc7b41631fd3e057a42b45 M	test2file

C:2ec169378daae3eefb0692e9d92f8e13168ae791
P:0bf21ae64871598bcef87b2004f99c89fbff193f
A:kah loun
E:fkloun@gmail.com
R:kah loun
F:fkloun@gmail.com
D:1365054298
S:japanese
B:
@@fe_body_end@@
:100644 100644 cd91fae9e94aa4c704611cbcce3107fa702b4440 e0cc9a2df65affc43883fa6bc942076f2e52f8a7 M	b.txt

C:a1702f7cc463eee8e4b32f2700c8186ccb4be25e
P:2ec169378daae3eefb0692e9d92f8e13168ae791
A:kah loun
E:fkloun@gmail.com
R:kah loun
F:fkloun@gmail.com
D:1365411417
S:map
B:
@@fe_body_end@@
:000000 100644 0000000000000000000000000000000000000000 098853257cde3d169297b7f63ca64aefbde44946 A	.mailmap

C:96117f55cc0edbcb9e99c4cc1e898aabf5e01399
P:a1702f7cc463eee8e4b32f2700c8186ccb4be25e
A:kah loun
E:fkloun@gmail.com
R:kah loun
F:fkloun@gmail.com
D:1365431009
S:delete
B:
@@fe_body_end@@
:100644 000000 098853257cde3d169297b7f63ca64aefbde44946 0000000000000000000000000000000000000000 D	.mailmap

C:6b1a4fb280c2d1688ddc16ffa83ce4b0ee0d5efb
P:96117f55cc0edbcb9e99c4cc1e898aabf5e01399
A:kah loun
E:fkloun@gmail.com
R:kah loun
F:fkloun@gmail.com
D:1365771722
S:rename
B:
@@fe_body_end@@
:100644 100644 23a3a9d599131d7f61b7383e5814c63e63ed186d 23a3a9d599131d7f61b7383e5814c63e63ed186d R100	very long file nameeeeeeeeeeeeeeeeeeeeeeeeeeeeeeeeeeeeeeeeeeeeeeeeeeeeeeeeeeeeeeeeeeeeeeeeeeeeeeeeeeeeeeeeeeeeeeeeeeeeeeeeeeeeeeeeeeeeeeeeeeeeeeeeeeeeeeeeeeeeeeeeeeeeeeeeeeee.txt	veryshortfilename.txt

C:e30cbf5b851669aa0513386290a5b0819cb3921b
P:6b1a4fb280c2d1688ddc16ffa83ce4b0ee0d5efb
A:kah loun
E:fkloun@gmail.com
R:kah loun
F:fkloun@gmail.com
D:1366374074
S:commit on newbranch
B:
@@fe_body_end@@
:100644 100644 49fd5d2dcb642dd8e54eb19098dc8ddd1f231430 e597d1d26cf94306a66e3e2d5632baefa799d9b4 M	test3file

C:dc11a873f8e8e96ca14c1825cd1c188093362644
P:d55a70942ff7906025e64b37763c2c75fd1bce26 e30cbf5b851669aa0513386290a5b0819cb3921b
A:kah loun
E:fkloun@gmail.com
R:kah loun
F:fkloun@gmail.com
D:1366376430
S:merge 2
B:
@@fe_body_end@@
:000000 100644 0000000000000000000000000000000000000000 e0cc9a2df65affc43883fa6bc942076f2e52f8a7 A	b.txt
:100644 100644 c84ad1762cbe9c290addb37e854f7b68a907a0d8 6facbe64954391a7adae584b88dd1b0c9455ea8e M	test2file
:100644 100644 49fd5d2dcb642dd8e54eb19098dc8ddd1f231430 d5c4eeb27e8e1c91c9e6395b15ab318663aa78c2 M	test3file
:100644 100644 23a3a9d599131d7f61b7383e5814c63e63ed186d 23a3a9d599131d7f61b7383e5814c63e63ed186d C100	very long file nameeeeeeeeeeeeeeeeeeeeeeeeeeeeeeeeeeeeeeeeeeeeeeeeeeeeeeeeeeeeeeeeeeeeeeeeeeeeeeeeeeeeeeeeeeeeeeeeeeeeeeeeeeeeeeeeeeeeeeeeeeeeeeeeeeeeeeeeeeeeeeeeeeeeeeeeeeee.txt	veryshortfilename.txt

C:dc11a873f8e8e96ca14c1825cd1c188093362644
P:d55a70942ff7906025e64b37763c2c75fd1bce26 e30cbf5b851669aa0513386290a5b0819cb3921b
A:kah loun
E:fkloun@gmail.com
R:kah loun
F:fkloun@gmail.com
D:1366376430
S:merge 2
B:
@@fe_body_end@@
:100644 100644 66a8badf01d4f5f1a0bc7b41631fd3e057a42b45 6facbe64954391a7adae584b88dd1b0c9455ea8e M	test2file
:100644 100644 e597d1d26cf94306a66e3e2d5632baefa799d9b4 d5c4eeb27e8e1c91c9e6395b15ab318663aa78c2 M	test3file
:100644 100644 23a3a9d599131d7f61b7383e5814c63e63ed186d 23a3a9d599131d7f61b7383e5814c63e63ed186d C100	veryshortfilename.txt	very long file nameeeeeeeeeeeeeeeeeeeeeeeeeeeeeeeeeeeeeeeeeeeeeeeeeeeeeeeeeeeeeeeeeeeeeeeeeeeeeeeeeeeeeeeeeeeeeeeeeeeeeeeeeeeeeeeeeeeeeeeeeeeeeeeeeeeeeeeeeeeeeeeeeeeeeeeeeeee.txt

C:8418d65bd221199003d035cdc7fe76628463ad88
P:6b1a4fb280c2d1688ddc16ffa83ce4b0ee0d5efb
A:kah loun
E:fkloun@gmail.com
R:kah loun
F:fkloun@gmail.com
D:1367310600
S:test
B:
@@fe_body_end@@
:100644 100644 66a8badf01d4f5f1a0bc7b41631fd3e057a42b45 d06829af2436940d387aa15ecdc7ebfd54e0be81 M	test2file

C:a530f7414a09ff3a75b50cf71ade61aef03bde21
P:8418d65bd221199003d035cdc7fe76628463ad88
A:kah loun
E:fkloun@gmail.com
R:kah loun
F:fkloun@gmail.com
D:1367310813
S:test 2
B:
@@fe_body_end@@
:100644 100644 7ddeafa288d6b31e96e1036ba2ad64aaee0e41f7 60fd335edbf9479efbbf75d2e1c13fe4015a90d3 M	branches/test2

C:d96dc192b60e11113b087ad9efd695d25dc5f60a
P:a530f7414a09ff3a75b50cf71ade61aef03bde21
A:kah loun
E:fkloun@gmail.com
R:kah loun
F:fkloun@gmail.com
D:1367310900
S:test 3
B:
@@fe_body_end@@
:100644 100644 e194eb17005ae72720a274d01b4d47ac40ce1a81 1aea525de5ff81df66e1b1154aeeb22b49b96a19 M	branches/newfile

C:52d2a4bfead20f5e0ba3cd29a77614577f832bc1
P:d96dc192b60e11113b087ad9efd695d25dc5f60a
A:kah loun
E:fkloun@gmail.com
R:kah loun
F:fkloun@gmail.com
D:1368538245
S:add
B:
@@fe_body_end@@
:100644 000000 1435b62eb8559d019117a7c0901d7c13d56eb72a 0000000000000000000000000000000000000000 D	.DS_Store
:100644 100644 e69de29bb2d1d6434b8b29ae775ad8c2e48c5391 e69de29bb2d1d6434b8b29ae775ad8c2e48c5391 C100	testfolder/file3	atrium.features.user_permission.inc

C:306c6fc26d17252322294a31b7931a05762b7551
P:52d2a4bfead20f5e0ba3cd29a77614577f832bc1
A:kah loun
E:fkloun@gmail.com
R:kah loun
F:fkloun@gmail.com
D:1368539560
S:add
B:
@@fe_body_end@@
:100644 100644 e69de29bb2d1d6434b8b29ae775ad8c2e48c5391 8bd6648ed130ac9ece0f89cd9a8fbbfd2608427a M	atrium.features.user_permission.inc

C:4458d70038f7979818e58e7909e644cd22ed0c8f
P:306c6fc26d17252322294a31b7931a05762b7551
A:kah loun
E:fkloun@gmail.com
R:kah loun
F:fkloun@gmail.com
D:1368689233
S:gsdf
B:
@@fe_body_end@@
:100644 100644 d06829af2436940d387aa15ecdc7ebfd54e0be81 38602c142fef7e784441b959d76b850ce4676203 M	test2file

C:9879de7b9b9fdc0b2421c273378c2c2ae319f462
P:4458d70038f7979818e58e7909e644cd22ed0c8f dc11a873f8e8e96ca14c1825cd1c188093362644
A:kah loun
E:fkloun@gmail.com
R:kah loun
F:fkloun@gmail.com
D:1368699824
S:Merge branch 'testbranch'
B:Conflicts:
	test2file

@@fe_body_end@@
:100644 100644 38602c142fef7e784441b959d76b850ce4676203 2f0703c63e7ef27042d263bbd330e516fdb513ad M	test2file
:100644 100644 49fd5d2dcb642dd8e54eb19098dc8ddd1f231430 d5c4eeb27e8e1c91c9e6395b15ab318663aa78c2 M	test3file
:100644 100644 23a3a9d599131d7f61b7383e5814c63e63ed186d 23a3a9d599131d7f61b7383e5814c63e63ed186d C100	veryshortfilename.txt	very long file nameeeeeeeeeeeeeeeeeeeeeeeeeeeeeeeeeeeeeeeeeeeeeeeeeeeeeeeeeeeeeeeeeeeeeeeeeeeeeeeeeeeeeeeeeeeeeeeeeeeeeeeeeeeeeeeeeeeeeeeeeeeeeeeeeeeeeeeeeeeeeeeeeeeeeeeeeeee.txt

C:9879de7b9b9fdc0b2421c273378c2c2ae319f462
P:4458d70038f7979818e58e7909e644cd22ed0c8f dc11a873f8e8e96ca14c1825cd1c188093362644
A:kah loun
E:fkloun@gmail.com
R:kah loun
F:fkloun@gmail.com
D:1368699824
S:Merge branch 'testbranch'
B:Conflicts:
	test2file

@@fe_body_end@@
:100644 000000 1435b62eb8559d019117a7c0901d7c13d56eb72a 0000000000000000000000000000000000000000 D	.DS_Store
:000000 100644 0000000000000000000000000000000000000000 8bd6648ed130ac9ece0f89cd9a8fbbfd2608427a A	atrium.features.user_permission.inc
:100644 100644 e194eb17005ae72720a274d01b4d47ac40ce1a81 1aea525de5ff81df66e1b1154aeeb22b49b96a19 M	branches/newfile
:100644 100644 7ddeafa288d6b31e96e1036ba2ad64aaee0e41f7 60fd335edbf9479efbbf75d2e1c13fe4015a90d3 M	branches/test2
:100644 100644 6facbe64954391a7adae584b88dd1b0c9455ea8e 2f0703c63e7ef27042d263bbd330e516fdb513ad M	test2file

C:aba28820111cbad8fd1b2e4f3c4231acee95d609
P:9879de7b9b9fdc0b2421c273378c2c2ae319f462
A:kah loun
E:fkloun@gmail.com
R:kah loun
F:fkloun@gmail.com
D:1368777620
S:first commit
B:
@@fe_body_end@@
:000000 100644 0000000000000000000000000000000000000000 605cce9f18717ec824f9383fc346d39b740fa812 A	.gitmodules
:000000 160000 0000000000000000000000000000000000000000 95d58ba51ffe82292542664aa36b62222c9a5727 A	submodule
:100644 100644 2f0703c63e7ef27042d263bbd330e516fdb513ad c5601ef5ff66b621cef5ffb0de8444b84d3f0385 M	test2file

C:9c1ff5c9b855a8345309bed233401fe76f6ad1bd
P:aba28820111cbad8fd1b2e4f3c4231acee95d609
A:kah loun
E:fkloun@gmail.com
R:kah loun
F:fkloun@gmail.com
D:1368778080
S:second
B:
@@fe_body_end@@
:100644 100644 c5601ef5ff66b621cef5ffb0de8444b84d3f0385 9a8684a4bf4d0512bf0ebc538f0588ac237bfd84 M	test2file

C:547410d015cf0f4992c271e124360424d77fedfe
P:aba28820111cbad8fd1b2e4f3c4231acee95d609
A:kah loun
E:fkloun@gmail.com
R:kah loun
F:fkloun@gmail.com
D:1369032486
S:CR-1
B:
@@fe_body_end@@
:100644 100644 e0cc9a2df65affc43883fa6bc942076f2e52f8a7 e9bcac0f6ee44a3c8d98a2c6764e41f54de76478 M	b.txt

C:f23785c4264bea351fe53e4fc0cbf7f38b4c8b38
P:547410d015cf0f4992c271e124360424d77fedfe
A:kah loun
E:fkloun@gmail.com
R:kah loun
F:fkloun@gmail.com
D:1369033153
S:CR-1 TST-1
B:
@@fe_body_end@@
:100644 100644 e9bcac0f6ee44a3c8d98a2c6764e41f54de76478 3901fa74ecbd66bbed55dff886976b9994375b2c M	b.txt

C:fe4d06d0a3bf23967acb2e98ccf27b58c0bf89d2
P:f23785c4264bea351fe53e4fc0cbf7f38b4c8b38
A:kah loun
E:fkloun@gmail.com
R:kah loun
F:fkloun@gmail.com
D:1369038106
S:+review CR-PR1 TST-1
B:
@@fe_body_end@@
:100644 100644 3901fa74ecbd66bbed55dff886976b9994375b2c 792df2b6875418e974c9b1e72eaf25f6630c57a7 M	b.txt

C:822635247e386179d3023d749fcd1fcf19e00f62
P:fe4d06d0a3bf23967acb2e98ccf27b58c0bf89d2
A:kah loun
E:fkloun@gmail.com
R:kah loun
F:fkloun@gmail.com
D:1369038225
S:+review CR TST-1
B:
@@fe_body_end@@
:100644 100644 792df2b6875418e974c9b1e72eaf25f6630c57a7 bf262a6ca074527bf0df471ac98bf4debb227e0e M	b.txt

C:962a4decca4aa8c6abcd6f0aa1a4626cf8e53c68
P:822635247e386179d3023d749fcd1fcf19e00f62
A:kah loun
E:fkloun@gmail.com
R:kah loun
F:fkloun@gmail.com
D:1369038508
S:+review CR TST-1
B:
@@fe_body_end@@
:100644 100644 bf262a6ca074527bf0df471ac98bf4debb227e0e 2a405e3efddfb43e5bec65de5ec6ee060602baec M	b.txt

C:65a209162d23e7217ff2ad76ef47606d1f080312
P:962a4decca4aa8c6abcd6f0aa1a4626cf8e53c68
A:kah loun
E:fkloun@gmail.com
R:kah loun
F:fkloun@gmail.com
D:1369038634
S:TST-1 +review CR
B:
@@fe_body_end@@
:100644 100644 2a405e3efddfb43e5bec65de5ec6ee060602baec d28f63f6c9d73d2ce999ce64c7a62d6dc914387d M	b.txt

C:ea32f42fed6da69436c9c75369f32b9a43b31eba
P:65a209162d23e7217ff2ad76ef47606d1f080312
A:kah loun
E:fkloun@gmail.com
R:kah loun
F:fkloun@gmail.com
D:1369038827
S:TST-1 +review CR
B:
@@fe_body_end@@
:100644 100644 d28f63f6c9d73d2ce999ce64c7a62d6dc914387d 835ede402ecc23a1bf2f85ee54fe50dd854d3fa2 M	b.txt

C:d6b2b457a2e446fb7e91660a6da6a30839fa2f57
P:ea32f42fed6da69436c9c75369f32b9a43b31eba
A:kah loun
E:fkloun@gmail.com
R:kah loun
F:fkloun@gmail.com
D:1369305506
S:cvxgfg
B:
@@fe_body_end@@
:100644 100644 c5601ef5ff66b621cef5ffb0de8444b84d3f0385 afe27dd532c31d17d981b18564a232421b8fbf31 M	test2file

C:4e2d45e473ff14cb1d799a616eb136fc14928806
P:ea32f42fed6da69436c9c75369f32b9a43b31eba
A:kah loun
E:fkloun@gmail.com
R:kah loun
F:fkloun@gmail.com
D:1369305628
S:dfgzdfhg
B:
@@fe_body_end@@
:100644 100644 d5c4eeb27e8e1c91c9e6395b15ab318663aa78c2 a435f8302f3e2f4578845bcfe594a761fdf306a9 M	test3file

C:9a121c5ce54674ba00848084a8e24dac62be18f2
P:d6b2b457a2e446fb7e91660a6da6a30839fa2f57 4e2d45e473ff14cb1d799a616eb136fc14928806
A:kah loun
E:fkloun@gmail.com
R:kah loun
F:fkloun@gmail.com
D:1369305648
S:Merge branch 'master' into develop
B:
@@fe_body_end@@
:100644 100644 d5c4eeb27e8e1c91c9e6395b15ab318663aa78c2 a435f8302f3e2f4578845bcfe594a761fdf306a9 M	test3file

C:9a121c5ce54674ba00848084a8e24dac62be18f2
P:d6b2b457a2e446fb7e91660a6da6a30839fa2f57 4e2d45e473ff14cb1d799a616eb136fc14928806
A:kah loun
E:fkloun@gmail.com
R:kah loun
F:fkloun@gmail.com
D:1369305648
S:Merge branch 'master' into develop
B:
@@fe_body_end@@
:100644 100644 c5601ef5ff66b621cef5ffb0de8444b84d3f0385 afe27dd532c31d17d981b18564a232421b8fbf31 M	test2file

C:a650494f564beb57490c250e24e28f2117a1b376
P:9a121c5ce54674ba00848084a8e24dac62be18f2
A:kah loun
E:fkloun@gmail.com
R:kah loun
F:fkloun@gmail.com
D:1369305676
S:dfgfsg
B:
@@fe_body_end@@
:100644 100644 afe27dd532c31d17d981b18564a232421b8fbf31 e275da0afdb8948024d13d19a343d4636522bce8 M	test2file

C:f5fb70f1c8b5b9682be881a86e95cadade827603
P:a650494f564beb57490c250e24e28f2117a1b376
A:D6\\BB\kah loun
E:fkloun@gmail.com
R:D6\\BB\kah loun
F:fkloun@gmail.com
D:1369720330
S:empty commit
B:
@@fe_body_end@@
:100644 100644 835ede402ecc23a1bf2f85ee54fe50dd854d3fa2 749b9b4bab71ac219be824f3e7082b612d54d71c M	b.txt

C:8125a32a166b4c9c3d4b85886c32c548987b0ed3
P:f5fb70f1c8b5b9682be881a86e95cadade827603
A:D6\\BB\kah loun
E:fkloun@gmail.com
R:D6\\BB\kah loun
F:fkloun@gmail.com
D:1369720469
S:empty commit 2
B:
@@fe_body_end@@
:100644 100644 749b9b4bab71ac219be824f3e7082b612d54d71c 90610a22f8340b975a43d417969a1ce458c54686 M	b.txt

C:ababe1ac6c0a04cf0f0bc4e82e0f4e87f72f75f4
P:8125a32a166b4c9c3d4b85886c32c548987b0ed3
A:D6\\BB\kah loun
E:fkloun@gmail.com
R:D6\\BB\kah loun
F:fkloun@gmail.com
D:1369720589
S:empty commit 3
B:
@@fe_body_end@@
:100644 100644 90610a22f8340b975a43d417969a1ce458c54686 e216c6d28714ffb691bfe098949dbc621f46ee62 M	b.txt

C:eb065b46f0eb7d1ecdda6ca3e5df5d29e543fcd9
P:8125a32a166b4c9c3d4b85886c32c548987b0ed3
A:D6\\BB\kah loun
E:fkloun@gmail.com
R:D6\\BB\kah loun
F:fkloun@gmail.com
D:1369720629
S:empty commit 4
B:
@@fe_body_end@@
:100644 100644 90610a22f8340b975a43d417969a1ce458c54686 7b39bb56b3ad7e4a0bdb4cdfde5d5fa98922a77d M	b.txt

C:ce43da0cce6c07868ecdd57da48bfbfff260bd50
P:ababe1ac6c0a04cf0f0bc4e82e0f4e87f72f75f4 eb065b46f0eb7d1ecdda6ca3e5df5d29e543fcd9
A:D6\\BB\kah loun
E:fkloun@gmail.com
R:D6\\BB\kah loun
F:fkloun@gmail.com
D:1369720678
S:Merge branch 'develop'
B:
@@fe_body_end@@
:100644 100644 e216c6d28714ffb691bfe098949dbc621f46ee62 3691f60e3a2372cb70b47335efcf53f46c0378cb M	b.txt

C:ce43da0cce6c07868ecdd57da48bfbfff260bd50
P:ababe1ac6c0a04cf0f0bc4e82e0f4e87f72f75f4 eb065b46f0eb7d1ecdda6ca3e5df5d29e543fcd9
A:D6\\BB\kah loun
E:fkloun@gmail.com
R:D6\\BB\kah loun
F:fkloun@gmail.com
D:1369720678
S:Merge branch 'develop'
B:
@@fe_body_end@@
:100644 100644 7b39bb56b3ad7e4a0bdb4cdfde5d5fa98922a77d 3691f60e3a2372cb70b47335efcf53f46c0378cb M	b.txt

C:2db91b5ef82fce239286eab9b87c6bc400f7f87f
P:eb065b46f0eb7d1ecdda6ca3e5df5d29e543fcd9
A:D6\\BB\kah loun
E:fkloun@gmail.com
R:D6\\BB\kah loun
F:fkloun@gmail.com
D:1369720734
S:empty commit 5
B:
@@fe_body_end@@
:100644 100644 7b39bb56b3ad7e4a0bdb4cdfde5d5fa98922a77d 663505730794810a3570e019dbcd73d43f1e31c2 M	b.txt

C:3533b7d67c3151b09899f50a7541b643710f0b70
P:ce43da0cce6c07868ecdd57da48bfbfff260bd50 2db91b5ef82fce239286eab9b87c6bc400f7f87f
A:D6\\BB\kah loun
E:fkloun@gmail.com
R:D6\\BB\kah loun
F:fkloun@gmail.com
D:1369720861
S:merge
B:
@@fe_body_end@@
:100644 100644 3691f60e3a2372cb70b47335efcf53f46c0378cb f88cf1e3f0b36a848e3da4498ddce54bc97b855d M	b.txt

C:3533b7d67c3151b09899f50a7541b643710f0b70
P:ce43da0cce6c07868ecdd57da48bfbfff260bd50 2db91b5ef82fce239286eab9b87c6bc400f7f87f
A:D6\\BB\kah loun
E:fkloun@gmail.com
R:D6\\BB\kah loun
F:fkloun@gmail.com
D:1369720861
S:merge
B:
@@fe_body_end@@
:100644 100644 663505730794810a3570e019dbcd73d43f1e31c2 f88cf1e3f0b36a848e3da4498ddce54bc97b855d M	b.txt

C:c31c507df465b04676ebc641a127da2c2eca9687
P:3533b7d67c3151b09899f50a7541b643710f0b70
A:D6\\BB\kah loun
E:fkloun@gmail.com
R:D6\\BB\kah loun
F:fkloun@gmail.com
D:1369730143
S:asfdsaf
B:
@@fe_body_end@@
:100644 100644 f88cf1e3f0b36a848e3da4498ddce54bc97b855d 1f3114495e11f7ff41892c3f7cd2d58d38345540 M	b.txt

C:0b6d45609ec3d3772c846ad82a4ce2de15affd49
P:c31c507df465b04676ebc641a127da2c2eca9687
A:D6\\BB\kah loun
E:fkloun@gmail.com
R:D6\\BB\kah loun
F:fkloun@gmail.com
D:1369730174
S:asdf
B:
@@fe_body_end@@
:100644 100644 1f3114495e11f7ff41892c3f7cd2d58d38345540 b48ac09ea41ce5072ad5ca80b7323e2b0243da77 M	b.txt

C:fc49765428a24654ef1247a45a6027169a23d67b
P:0b6d45609ec3d3772c846ad82a4ce2de15affd49
A:D6\\BB\kah loun
E:fkloun@gmail.com
R:D6\\BB\kah loun
F:fkloun@gmail.com
D:1371705975
S:japanese
B:
@@fe_body_end@@
:100644 100644 d9d4fdf18efe9257e67bf3c3e4ac492b6b027d87 fd535120c09f9edf952898e8c7347f4429c6dade M	testfile

C:320f68191ab72174e62b499f2d3254d682c0906b
P:fc49765428a24654ef1247a45a6027169a23d67b
A:D6\\BB\kah loun
E:fkloun@gmail.com
R:D6\\BB\kah loun
F:fkloun@gmail.com
D:1371707476
S:asdf
B:
@@fe_body_end@@
:000000 100644 0000000000000000000000000000000000000000 4acf3e2d2572d6b98388eb40146999bd6f147841 A	diff

C:a391524e9f43c79e365571f6a1f86b807b0942b7
P:320f68191ab72174e62b499f2d3254d682c0906b
A:D6\\BB\kah loun
E:fkloun@gmail.com
R:D6\\BB\kah loun
F:fkloun@gmail.com
D:1372941937
S:target
B:
@@fe_body_end@@
:000000 100644 0000000000000000000000000000000000000000 98c057ee8955c51a64105ed867f88bbd4897c732 A	"\"target/testtarget"

C:ecc18f4b28e4f9aff9ca389582c6ce842533e3c5
P:a391524e9f43c79e365571f6a1f86b807b0942b7
A:D6\\BB\kah loun
E:fkloun@gmail.com
R:D6\\BB\kah loun
F:fkloun@gmail.com
D:1372942258
S:logs
B:
@@fe_body_end@@
:000000 100644 0000000000000000000000000000000000000000 6889d28d11489eac32361293edd761fe29ba842f A	"\"target/logs\"/log"

C:2a7ea1687a64b6fc422f4b7d9d2c7aa4fbf53177
P:ecc18f4b28e4f9aff9ca389582c6ce842533e3c5
A:D6\\BB\kah loun
E:fkloun@gmail.com
R:D6\\BB\kah loun
F:fkloun@gmail.com
D:1376573518
S:asdf
B:
@@fe_body_end@@
:100644 100644 b48ac09ea41ce5072ad5ca80b7323e2b0243da77 0e29df3ac9f5c8fc0368e8f443d542f0e6a23c89 M	b.txt

C:a766ffef28c19172a08ba6f753f2f287dcfca258
P:2a7ea1687a64b6fc422f4b7d9d2c7aa4fbf53177
A:D6\\BB\kah loun
E:fkloun@gmail.com
R:D6\\BB\kah loun
F:fkloun@gmail.com
D:1377595579
S:TST-1 #comment asdfasdf
B:
@@fe_body_end@@
:100644 100644 e69de29bb2d1d6434b8b29ae775ad8c2e48c5391 e69de29bb2d1d6434b8b29ae775ad8c2e48c5391 C100	testfolder/file3	newfile
:100644 100644 e275da0afdb8948024d13d19a343d4636522bce8 38be0f85f9ce21254254a57f6fa63c2a9da47383 M	test2file
:100644 100644 a435f8302f3e2f4578845bcfe594a761fdf306a9 64a7960b3eea3a24d98bd6ba70ab145493d5147d M	test3file

C:821b03c72c29d6abf0564ff845ac0df9cf91b747
P:a766ffef28c19172a08ba6f753f2f287dcfca258
A:D6\\BB\kah loun
E:fkloun@gmail.com
R:D6\\BB\kah loun
F:fkloun@gmail.com
D:1379312142
S:こんにちは
B:
@@fe_body_end@@
:000000 100644 0000000000000000000000000000000000000000 f13588b91f5e9166eefb16d8f71dbd1227753596 A	こんにちは

C:1ad47d686a5564cb82302f63f05523fba84b2e29
P:821b03c72c29d6abf0564ff845ac0df9cf91b747
A:D6\\BB\kah loun
E:fkloun@gmail.com
R:D6\\BB\kah loun
F:fkloun@gmail.com
D:1379314699
S:move
B:
@@fe_body_end@@
:100644 100644 f13588b91f5e9166eefb16d8f71dbd1227753596 f13588b91f5e9166eefb16d8f71dbd1227753596 R100	こんにちは	branches/こんにちは

C:78bb3936fe670efd2494f640c1729f9b22f853da
P:1ad47d686a5564cb82302f63f05523fba84b2e29
A:D6\\BB\kah loun
E:fkloun@gmail.com
R:D6\\BB\kah loun
F:fkloun@gmail.com
D:1381211387
S:asdf
B:
@@fe_body_end@@
:100644 100644 0e29df3ac9f5c8fc0368e8f443d542f0e6a23c89 584d0e01ae4264612a0b198bd7bfb7f10e5f7636 M	b.txt

C:3b0e6f47948aade4dbfee3ce1faffea31f8c31b6
P:78bb3936fe670efd2494f640c1729f9b22f853da
A:D6\\BB\kah loun
E:fkloun@gmail.com
R:D6\\BB\kah loun
F:fkloun@gmail.com
D:1381217658
S:asdf
B:
@@fe_body_end@@
:100644 100644 584d0e01ae4264612a0b198bd7bfb7f10e5f7636 b8dddb5b83982faffe052c38bf80d99230c21628 M	b.txt

C:7c0daa600ec9fc49fff67617d18f9d130a39b4fe
P:3b0e6f47948aade4dbfee3ce1faffea31f8c31b6
A:D6\\BB\kah loun
E:fkloun@gmail.com
R:D6\\BB\kah loun
F:fkloun@gmail.com
D:1382970316
S:asdfasdf
B:
@@fe_body_end@@
:100644 100644 b8dddb5b83982faffe052c38bf80d99230c21628 dfec9878c28d8f523729333cb050eb841f0af37c M	b.txt

C:b8fc4eb8163acb01c228e689eba8b9e3b633dbec
P:7c0daa600ec9fc49fff67617d18f9d130a39b4fe
A:kah loun
E:fkloun@gmail.com
R:kah loun
F:fkloun@gmail.com
D:1382970501
S:asdfasdfasdfasdfasdf
B:
@@fe_body_end@@
:100644 100644 dfec9878c28d8f523729333cb050eb841f0af37c 07d61dde8d2886d40fa6ac2a18bed2de3b9f84fe M	b.txt

C:fe21e10f63adca4b3f24732c281596bae9cf8e96
P:b8fc4eb8163acb01c228e689eba8b9e3b633dbec
A:D6\\BB\kah loun
E:fkloun@gmail.com
R:D6\\BB\kah loun
F:fkloun@gmail.com
D:1383206749
S:TST-3 first
B:
@@fe_body_end@@
:100644 100644 e69de29bb2d1d6434b8b29ae775ad8c2e48c5391 2b5df437ca4db8cb76add0e0d01cd1b0e457b228 M	newfile

C:780b9aa1dbb0d8df1b4ab04ded802207a781bb27
P:fe21e10f63adca4b3f24732c281596bae9cf8e96
A:D6\\BB\kah loun
E:fkloun@gmail.com
R:D6\\BB\kah loun
F:fkloun@gmail.com
D:1383640563
S:asdfasdf
B:
@@fe_body_end@@
:000000 100644 0000000000000000000000000000000000000000 d33b544b09e74cb2990e187ffeb3e650c2bdd4b3 A	atlassian-fisheye-2013-10-25 copy 10.log
:000000 100644 0000000000000000000000000000000000000000 d33b544b09e74cb2990e187ffeb3e650c2bdd4b3 A	atlassian-fisheye-2013-10-25 copy 11.log
:000000 100644 0000000000000000000000000000000000000000 d33b544b09e74cb2990e187ffeb3e650c2bdd4b3 A	atlassian-fisheye-2013-10-25 copy 12.log
:000000 100644 0000000000000000000000000000000000000000 d33b544b09e74cb2990e187ffeb3e650c2bdd4b3 A	atlassian-fisheye-2013-10-25 copy 13.log
:000000 100644 0000000000000000000000000000000000000000 d33b544b09e74cb2990e187ffeb3e650c2bdd4b3 A	atlassian-fisheye-2013-10-25 copy 14.log
:000000 100644 0000000000000000000000000000000000000000 d33b544b09e74cb2990e187ffeb3e650c2bdd4b3 A	atlassian-fisheye-2013-10-25 copy 15.log
:000000 100644 0000000000000000000000000000000000000000 d33b544b09e74cb2990e187ffeb3e650c2bdd4b3 A	atlassian-fisheye-2013-10-25 copy 16.log
:000000 100644 0000000000000000000000000000000000000000 d33b544b09e74cb2990e187ffeb3e650c2bdd4b3 A	atlassian-fisheye-2013-10-25 copy 17.log
:000000 100644 0000000000000000000000000000000000000000 d33b544b09e74cb2990e187ffeb3e650c2bdd4b3 A	atlassian-fisheye-2013-10-25 copy 18.log
:000000 100644 0000000000000000000000000000000000000000 d33b544b09e74cb2990e187ffeb3e650c2bdd4b3 A	atlassian-fisheye-2013-10-25 copy 19.log
:000000 100644 0000000000000000000000000000000000000000 d33b544b09e74cb2990e187ffeb3e650c2bdd4b3 A	atlassian-fisheye-2013-10-25 copy 2.log
:000000 100644 0000000000000000000000000000000000000000 d33b544b09e74cb2990e187ffeb3e650c2bdd4b3 A	atlassian-fisheye-2013-10-25 copy 20.log
:000000 100644 0000000000000000000000000000000000000000 d33b544b09e74cb2990e187ffeb3e650c2bdd4b3 A	atlassian-fisheye-2013-10-25 copy 21.log
:000000 100644 0000000000000000000000000000000000000000 d33b544b09e74cb2990e187ffeb3e650c2bdd4b3 A	atlassian-fisheye-2013-10-25 copy 22.log
:000000 100644 0000000000000000000000000000000000000000 d33b544b09e74cb2990e187ffeb3e650c2bdd4b3 A	atlassian-fisheye-2013-10-25 copy 23.log
:000000 100644 0000000000000000000000000000000000000000 d33b544b09e74cb2990e187ffeb3e650c2bdd4b3 A	atlassian-fisheye-2013-10-25 copy 24.log
:000000 100644 0000000000000000000000000000000000000000 d33b544b09e74cb2990e187ffeb3e650c2bdd4b3 A	atlassian-fisheye-2013-10-25 copy 25.log
:000000 100644 0000000000000000000000000000000000000000 d33b544b09e74cb2990e187ffeb3e650c2bdd4b3 A	atlassian-fisheye-2013-10-25 copy 26.log
:000000 100644 0000000000000000000000000000000000000000 d33b544b09e74cb2990e187ffeb3e650c2bdd4b3 A	atlassian-fisheye-2013-10-25 copy 27.log
:000000 100644 0000000000000000000000000000000000000000 d33b544b09e74cb2990e187ffeb3e650c2bdd4b3 A	atlassian-fisheye-2013-10-25 copy 28.log
:000000 100644 0000000000000000000000000000000000000000 d33b544b09e74cb2990e187ffeb3e650c2bdd4b3 A	atlassian-fisheye-2013-10-25 copy 29.log
:000000 100644 0000000000000000000000000000000000000000 d33b544b09e74cb2990e187ffeb3e650c2bdd4b3 A	atlassian-fisheye-2013-10-25 copy 3.log
:000000 100644 0000000000000000000000000000000000000000 d33b544b09e74cb2990e187ffeb3e650c2bdd4b3 A	atlassian-fisheye-2013-10-25 copy 30.log
:000000 100644 0000000000000000000000000000000000000000 d33b544b09e74cb2990e187ffeb3e650c2bdd4b3 A	atlassian-fisheye-2013-10-25 copy 31.log
:000000 100644 0000000000000000000000000000000000000000 d33b544b09e74cb2990e187ffeb3e650c2bdd4b3 A	atlassian-fisheye-2013-10-25 copy 4.log
:000000 100644 0000000000000000000000000000000000000000 d33b544b09e74cb2990e187ffeb3e650c2bdd4b3 A	atlassian-fisheye-2013-10-25 copy 5.log
:000000 100644 0000000000000000000000000000000000000000 d33b544b09e74cb2990e187ffeb3e650c2bdd4b3 A	atlassian-fisheye-2013-10-25 copy 6.log
:000000 100644 0000000000000000000000000000000000000000 d33b544b09e74cb2990e187ffeb3e650c2bdd4b3 A	atlassian-fisheye-2013-10-25 copy 7.log
:000000 100644 0000000000000000000000000000000000000000 d33b544b09e74cb2990e187ffeb3e650c2bdd4b3 A	atlassian-fisheye-2013-10-25 copy 8.log
:000000 100644 0000000000000000000000000000000000000000 d33b544b09e74cb2990e187ffeb3e650c2bdd4b3 A	atlassian-fisheye-2013-10-25 copy 9.log
:000000 100644 0000000000000000000000000000000000000000 d33b544b09e74cb2990e187ffeb3e650c2bdd4b3 A	atlassian-fisheye-2013-10-25 copy.log
:000000 100644 0000000000000000000000000000000000000000 d33b544b09e74cb2990e187ffeb3e650c2bdd4b3 A	atlassian-fisheye-2013-10-25.log

C:d867b372dd7e1d369ed3b5da8545b189fffcbb18
P:780b9aa1dbb0d8df1b4ab04ded802207a781bb27
A:D6\\BB\kah loun
E:fkloun@gmail.com
R:D6\\BB\kah loun
F:fkloun@gmail.com
D:1383640973
S:1
B:
@@fe_body_end@@
:100644 100644 d33b544b09e74cb2990e187ffeb3e650c2bdd4b3 a077d170b5c29fc042a7ab70c2da31551848c24d M	atlassian-fisheye-2013-10-25.log

C:b1248138c60c7eb05539f0cdb73fe5ad713ef08c
P:d867b372dd7e1d369ed3b5da8545b189fffcbb18
A:D6\\BB\kah loun
E:fkloun@gmail.com
R:D6\\BB\kah loun
F:fkloun@gmail.com
D:1383640996
S:2
B:
@@fe_body_end@@
:100644 100644 d33b544b09e74cb2990e187ffeb3e650c2bdd4b3 c115cde6b0090cd790167b09ba7eef4847666d16 M	atlassian-fisheye-2013-10-25 copy.log

C:992f00fc7dfb686ee6ea0582e52026e6644df6c1
P:b1248138c60c7eb05539f0cdb73fe5ad713ef08c
A:D6\\BB\kah loun
E:fkloun@gmail.com
R:D6\\BB\kah loun
F:fkloun@gmail.com
D:1383641017
S:3
B:
@@fe_body_end@@
:100644 100644 d33b544b09e74cb2990e187ffeb3e650c2bdd4b3 6260c6eb95afe913787485c746b0abd139fd1a4f M	atlassian-fisheye-2013-10-25 copy 2.log

C:bd2ab27e5fbf0a74869659ffad7cdb0c23150728
P:992f00fc7dfb686ee6ea0582e52026e6644df6c1
A:D6\\BB\kah loun
E:fkloun@gmail.com
R:D6\\BB\kah loun
F:fkloun@gmail.com
D:1383641024
S:4
B:
@@fe_body_end@@
:100644 100644 d33b544b09e74cb2990e187ffeb3e650c2bdd4b3 b3ab41be996fb4b1ff5b50f1dd96870968908d1c M	atlassian-fisheye-2013-10-25 copy 3.log

C:f6e4d8cae83c0ca3a9828f58c25b10cc58757da0
P:bd2ab27e5fbf0a74869659ffad7cdb0c23150728
A:D6\\BB\kah loun
E:fkloun@gmail.com
R:D6\\BB\kah loun
F:fkloun@gmail.com
D:1383641035
S:5
B:
@@fe_body_end@@
:100644 100644 d33b544b09e74cb2990e187ffeb3e650c2bdd4b3 c68841be253633d010852cd8d79dc1fdbf560d2c M	atlassian-fisheye-2013-10-25 copy 4.log

C:c7573045a4e5b777397e57113575b64f120a8244
P:f6e4d8cae83c0ca3a9828f58c25b10cc58757da0
A:D6\\BB\kah loun
E:fkloun@gmail.com
R:D6\\BB\kah loun
F:fkloun@gmail.com
D:1383641042
S:6
B:
@@fe_body_end@@
:100644 100644 d33b544b09e74cb2990e187ffeb3e650c2bdd4b3 74b80dd6599b4b9c6227d67ee329b5e5db2f8c8a M	atlassian-fisheye-2013-10-25 copy 5.log

C:5ddeed06000aed28e7524ca022adf9eb99b2fdad
P:c7573045a4e5b777397e57113575b64f120a8244
A:D6\\BB\kah loun
E:fkloun@gmail.com
R:D6\\BB\kah loun
F:fkloun@gmail.com
D:1383641049
S:7
B:
@@fe_body_end@@
:100644 100644 d33b544b09e74cb2990e187ffeb3e650c2bdd4b3 19ab82c5b9d7f2dd5ab4f67f7b2d790fbf2e84fd M	atlassian-fisheye-2013-10-25 copy 6.log

C:b5f1dc02acc8388a2edb2ae5fa64d26aff7d9cb3
P:5ddeed06000aed28e7524ca022adf9eb99b2fdad
A:D6\\BB\kah loun
E:fkloun@gmail.com
R:D6\\BB\kah loun
F:fkloun@gmail.com
D:1383641055
S:8
B:
@@fe_body_end@@
:100644 100644 d33b544b09e74cb2990e187ffeb3e650c2bdd4b3 93184950a0aebeb8f96ca88d6bc06e252277b63a M	atlassian-fisheye-2013-10-25 copy 7.log

C:edee45b6f0aa4c17377c89245e3f14bd80f47fb8
P:b5f1dc02acc8388a2edb2ae5fa64d26aff7d9cb3
A:D6\\BB\kah loun
E:fkloun@gmail.com
R:D6\\BB\kah loun
F:fkloun@gmail.com
D:1383641061
S:9
B:
@@fe_body_end@@
:100644 100644 d33b544b09e74cb2990e187ffeb3e650c2bdd4b3 498fec88e7ec6c75cad52ff513814165befdf44b M	atlassian-fisheye-2013-10-25 copy 8.log

C:9f5d271987a75c79f91be0752cbc18bf56b8416b
P:edee45b6f0aa4c17377c89245e3f14bd80f47fb8
A:D6\\BB\kah loun
E:fkloun@gmail.com
R:D6\\BB\kah loun
F:fkloun@gmail.com
D:1383641069
S:10
B:
@@fe_body_end@@
:100644 100644 d33b544b09e74cb2990e187ffeb3e650c2bdd4b3 10eee7d7d54a4dce2a3c3fc432335f3cf8999685 M	atlassian-fisheye-2013-10-25 copy 9.log

C:6b145b5500c0244c9e6cd6ccf25ef39f22629b06
P:9f5d271987a75c79f91be0752cbc18bf56b8416b
A:D6\\BB\kah loun
E:fkloun@gmail.com
R:D6\\BB\kah loun
F:fkloun@gmail.com
D:1383641077
S:11
B:
@@fe_body_end@@
:100644 100644 d33b544b09e74cb2990e187ffeb3e650c2bdd4b3 3b8ded120a703cfcc71da8be0d963ec473eaa5d5 M	atlassian-fisheye-2013-10-25 copy 10.log

C:04071adf8dab850eded5561699058e0ddfa3e969
P:6b145b5500c0244c9e6cd6ccf25ef39f22629b06
A:D6\\BB\kah loun
E:fkloun@gmail.com
R:D6\\BB\kah loun
F:fkloun@gmail.com
D:1383641083
S:12
B:
@@fe_body_end@@
:100644 100644 d33b544b09e74cb2990e187ffeb3e650c2bdd4b3 b5bc7236d6bee52dfcd371aea2e57b9d944eb5f2 M	atlassian-fisheye-2013-10-25 copy 11.log

C:f3c8fa60d0cd7102010466e0181bb692c1302551
P:04071adf8dab850eded5561699058e0ddfa3e969
A:D6\\BB\kah loun
E:fkloun@gmail.com
R:D6\\BB\kah loun
F:fkloun@gmail.com
D:1383641088
S:1
B:
@@fe_body_end@@
:100644 100644 d33b544b09e74cb2990e187ffeb3e650c2bdd4b3 f2de7ef9d2e720561b8e53f7108f505dc337921c M	atlassian-fisheye-2013-10-25 copy 12.log

C:ced90d9dfcabd3a8c6ffbcc9ace46e1bf79a070e
P:f3c8fa60d0cd7102010466e0181bb692c1302551
A:D6\\BB\kah loun
E:fkloun@gmail.com
R:D6\\BB\kah loun
F:fkloun@gmail.com
D:1383641104
S:13
B:
@@fe_body_end@@
:100644 100644 d33b544b09e74cb2990e187ffeb3e650c2bdd4b3 0ebaf75494c67da7babadb4eae255f1181cde51f M	atlassian-fisheye-2013-10-25 copy 13.log

C:a930c6a04ccfdea5535ca23b44f325d6e8549df8
P:ced90d9dfcabd3a8c6ffbcc9ace46e1bf79a070e
A:D6\\BB\kah loun
E:fkloun@gmail.com
R:D6\\BB\kah loun
F:fkloun@gmail.com
D:1383641110
S:14
B:
@@fe_body_end@@
:100644 100644 d33b544b09e74cb2990e187ffeb3e650c2bdd4b3 5a7dc67d87296bb1b2dc48ec2722be5ca68e26b6 M	atlassian-fisheye-2013-10-25 copy 14.log

C:3ddc85bcca41c806d1fda36a357b2a9b4c00b45c
P:a930c6a04ccfdea5535ca23b44f325d6e8549df8
A:D6\\BB\kah loun
E:fkloun@gmail.com
R:D6\\BB\kah loun
F:fkloun@gmail.com
D:1383641116
S:15
B:
@@fe_body_end@@
:100644 100644 d33b544b09e74cb2990e187ffeb3e650c2bdd4b3 928d33fbd4fe809b82df455d59a62930b440b9e5 M	atlassian-fisheye-2013-10-25 copy 15.log

C:b456c0ab613e39c0524149385b94943a621e23d7
P:3ddc85bcca41c806d1fda36a357b2a9b4c00b45c
A:D6\\BB\kah loun
E:fkloun@gmail.com
R:D6\\BB\kah loun
F:fkloun@gmail.com
D:1383641122
S:16
B:
@@fe_body_end@@
:100644 100644 d33b544b09e74cb2990e187ffeb3e650c2bdd4b3 10ec176d423b05190848bee7146707842612c79b M	atlassian-fisheye-2013-10-25 copy 16.log

C:c415ed51afdc4e99bfa889576b393de135055067
P:b456c0ab613e39c0524149385b94943a621e23d7
A:D6\\BB\kah loun
E:fkloun@gmail.com
R:D6\\BB\kah loun
F:fkloun@gmail.com
D:1383641127
S:17
B:
@@fe_body_end@@
:100644 100644 d33b544b09e74cb2990e187ffeb3e650c2bdd4b3 3552a1052c0ca3d0667a834cee409555623032b3 M	atlassian-fisheye-2013-10-25 copy 17.log

C:7dc743d5d562fe1cdfc7833a7110c734f790cf38
P:c415ed51afdc4e99bfa889576b393de135055067
A:D6\\BB\kah loun
E:fkloun@gmail.com
R:D6\\BB\kah loun
F:fkloun@gmail.com
D:1383641135
S:18
B:
@@fe_body_end@@
:100644 100644 d33b544b09e74cb2990e187ffeb3e650c2bdd4b3 b05e831901f213ea9c56c87801a2cf3f39e4f35f M	atlassian-fisheye-2013-10-25 copy 18.log

C:d9efde2b1f6a1d2e7e2fe6d2f4707044f1a9d602
P:7dc743d5d562fe1cdfc7833a7110c734f790cf38
A:D6\\BB\kah loun
E:fkloun@gmail.com
R:D6\\BB\kah loun
F:fkloun@gmail.com
D:1383641141
S:1
B:
@@fe_body_end@@
:100644 100644 d33b544b09e74cb2990e187ffeb3e650c2bdd4b3 3dad8a5cdb572d64fd71914aeb660517ad45dcf6 M	atlassian-fisheye-2013-10-25 copy 19.log

C:e6d19a63121b0afd28a7db7a583cd3cb65157840
P:d9efde2b1f6a1d2e7e2fe6d2f4707044f1a9d602
A:D6\\BB\kah loun
E:fkloun@gmail.com
R:D6\\BB\kah loun
F:fkloun@gmail.com
D:1383641151
S:20
B:
@@fe_body_end@@
:100644 100644 d33b544b09e74cb2990e187ffeb3e650c2bdd4b3 be5967242e315a45f9d69e2f6ee2a752c3e42bb7 M	atlassian-fisheye-2013-10-25 copy 20.log

C:44d0d38247539d4fa79ed172838e85aa84671dd6
P:e6d19a63121b0afd28a7db7a583cd3cb65157840
A:D6\\BB\kah loun
E:fkloun@gmail.com
R:D6\\BB\kah loun
F:fkloun@gmail.com
D:1383641156
S:21
B:
@@fe_body_end@@
:100644 100644 d33b544b09e74cb2990e187ffeb3e650c2bdd4b3 683e4cc27b9d997e0bb83f2d637289239c07644a M	atlassian-fisheye-2013-10-25 copy 21.log

C:52579c2701f858bb5db8fb319f74facdd705a301
P:44d0d38247539d4fa79ed172838e85aa84671dd6
A:D6\\BB\kah loun
E:fkloun@gmail.com
R:D6\\BB\kah loun
F:fkloun@gmail.com
D:1383641162
S:22
B:
@@fe_body_end@@
:100644 100644 d33b544b09e74cb2990e187ffeb3e650c2bdd4b3 99ac813e1c3e7fba7e530449ee6e30683fd00b62 M	atlassian-fisheye-2013-10-25 copy 22.log

C:c1317909b85d80c6ede4db2db523e122d51859ed
P:52579c2701f858bb5db8fb319f74facdd705a301
A:D6\\BB\kah loun
E:fkloun@gmail.com
R:D6\\BB\kah loun
F:fkloun@gmail.com
D:1383641166
S:23
B:
@@fe_body_end@@
:100644 100644 d33b544b09e74cb2990e187ffeb3e650c2bdd4b3 ca47851f1dfaf080b88611a395386c223ab56596 M	atlassian-fisheye-2013-10-25 copy 23.log

C:4344a980c5a5b348eab0e41460c90a36aa183abe
P:c1317909b85d80c6ede4db2db523e122d51859ed
A:D6\\BB\kah loun
E:fkloun@gmail.com
R:D6\\BB\kah loun
F:fkloun@gmail.com
D:1383641171
S:24
B:
@@fe_body_end@@
:100644 100644 d33b544b09e74cb2990e187ffeb3e650c2bdd4b3 e0fcbbe58591736a10f20677bd2c3e1561eaccab M	atlassian-fisheye-2013-10-25 copy 24.log

C:42ddf0f7f0ee8476def4772a7a0a3b029ce6d114
P:4344a980c5a5b348eab0e41460c90a36aa183abe
A:D6\\BB\kah loun
E:fkloun@gmail.com
R:D6\\BB\kah loun
F:fkloun@gmail.com
D:1383641176
S:25
B:
@@fe_body_end@@
:100644 100644 d33b544b09e74cb2990e187ffeb3e650c2bdd4b3 a7bc850d9dce64e39011f6cd072db12626323dac M	atlassian-fisheye-2013-10-25 copy 25.log

C:6cc6df35c75eaff74d7da501d2348fdf9ab71060
P:42ddf0f7f0ee8476def4772a7a0a3b029ce6d114
A:D6\\BB\kah loun
E:fkloun@gmail.com
R:D6\\BB\kah loun
F:fkloun@gmail.com
D:1383641181
S:26
B:
@@fe_body_end@@
:100644 100644 d33b544b09e74cb2990e187ffeb3e650c2bdd4b3 dbfd311d1e70825109f6330e8d3e884579190595 M	atlassian-fisheye-2013-10-25 copy 26.log

C:4f76c0618b871fa9560cf78f5602055b200cd8b3
P:6cc6df35c75eaff74d7da501d2348fdf9ab71060
A:D6\\BB\kah loun
E:fkloun@gmail.com
R:D6\\BB\kah loun
F:fkloun@gmail.com
D:1383641186
S:27
B:
@@fe_body_end@@
:100644 100644 d33b544b09e74cb2990e187ffeb3e650c2bdd4b3 aadcd416b7f8e5e534f4edaf44251d30bfbcd2f9 M	atlassian-fisheye-2013-10-25 copy 27.log

C:10e4929c358563d09533172eab72ee30d507da62
P:4f76c0618b871fa9560cf78f5602055b200cd8b3
A:D6\\BB\kah loun
E:fkloun@gmail.com
R:D6\\BB\kah loun
F:fkloun@gmail.com
D:1383641191
S:28
B:
@@fe_body_end@@
:100644 100644 d33b544b09e74cb2990e187ffeb3e650c2bdd4b3 5714d010ee001daec6e6ba5ec1148919e73f75e2 M	atlassian-fisheye-2013-10-25 copy 28.log

C:3d3bf65a696226f3a8688b0f1b453365bc9a54a2
P:10e4929c358563d09533172eab72ee30d507da62
A:D6\\BB\kah loun
E:fkloun@gmail.com
R:D6\\BB\kah loun
F:fkloun@gmail.com
D:1383641197
S:29
B:
@@fe_body_end@@
:100644 100644 d33b544b09e74cb2990e187ffeb3e650c2bdd4b3 f5463009ad471fd3fb4352364f1282d3c4e3b4e1 M	atlassian-fisheye-2013-10-25 copy 29.log

C:15d67b73d3b02d7827a643e901892036a85f526d
P:3d3bf65a696226f3a8688b0f1b453365bc9a54a2
A:D6\\BB\kah loun
E:fkloun@gmail.com
R:D6\\BB\kah loun
F:fkloun@gmail.com
D:1383641204
S:30
B:
@@fe_body_end@@
:100644 100644 d33b544b09e74cb2990e187ffeb3e650c2bdd4b3 da69bc903953606f32185129ac6916b79abdbab1 M	atlassian-fisheye-2013-10-25 copy 30.log

C:b199656abdc45191dc3420fe692b39963beda0fc
P:15d67b73d3b02d7827a643e901892036a85f526d
A:D6\\BB\kah loun
E:fkloun@gmail.com
R:D6\\BB\kah loun
F:fkloun@gmail.com
D:1383641209
S:31
B:
@@fe_body_end@@
:100644 100644 d33b544b09e74cb2990e187ffeb3e650c2bdd4b3 d8b8569cbab5307ab10e777b444b83587aac4b2f M	atlassian-fisheye-2013-10-25 copy 31.log

C:1b81d9affd9ee7942e45676073727c9cfd9901ee
P:b199656abdc45191dc3420fe692b39963beda0fc
A:Kah Loun Foong
E:klfoong@atlassian.com
R:Kah Loun Foong
F:klfoong@atlassian.com
D:1385644775
S:Test.TST: TST-1 #done #time 1h Smart commit test 3! #comment test
B:
@@fe_body_end@@
:100644 100644 2b5df437ca4db8cb76add0e0d01cd1b0e457b228 3a3905b4ac32c4485f5b0472a466f072563a5f62 M	newfile

C:4d4a7066c91797662dcb54214acdea06c0ed16cb
P:1b81d9affd9ee7942e45676073727c9cfd9901ee
A:Kah Loun Foong
E:admin@admin.com
R:Kah Loun Foong
F:admin@admin.com
D:1385644955
S:Test.TST: TST-1 #done #time 1h Smart commit test 4! #comment test
B:
@@fe_body_end@@
:100644 100644 3a3905b4ac32c4485f5b0472a466f072563a5f62 9371314860a866b13e0e43a40f75d5e28ab0c170 M	newfile

C:1d80c5e0d863c49f259e29eabf87df1300b1c974
P:4d4a7066c91797662dcb54214acdea06c0ed16cb
A:Kah Loun Foong
E:admin@admin.com
R:Kah Loun Foong
F:admin@admin.com
D:1385645325
S:Test.TST: TST-1 #done #time 1h Smart commit test 5! #comment test
B:
@@fe_body_end@@
:100644 100644 9371314860a866b13e0e43a40f75d5e28ab0c170 a811eb17a0bf2ec32fe166e13823eaba345f0f65 M	newfile

C:1921845260bb560bf315aa2092a9d672057274cb
P:1d80c5e0d863c49f259e29eabf87df1300b1c974
A:Kah Loun Foong
E:admin@admin.com
R:Kah Loun Foong
F:admin@admin.com
D:1385645538
S:Test.TST: TST-1 #done #time 1h Smart commit test 6! #comment test
B:
@@fe_body_end@@
:100644 100644 a811eb17a0bf2ec32fe166e13823eaba345f0f65 df9ff4588f51c178e6f181ba2694bbb18ad19eba M	newfile

C:3ac55fe6f8be13b5d98942e169a7f3e226c323c3
P:1921845260bb560bf315aa2092a9d672057274cb
A:Kah Loun Foong
E:admin@admin.com
R:Kah Loun Foong
F:admin@admin.com
D:1386239562
S:no message
B:
@@fe_body_end@@
:100644 100644 df9ff4588f51c178e6f181ba2694bbb18ad19eba a811eb17a0bf2ec32fe166e13823eaba345f0f65 M	newfile

C:17719d8def4a47185ef6e6d3ceada3249792b12b
P:3ac55fe6f8be13b5d98942e169a7f3e226c323c3
A:Kah Loun Foong
E:admin@admin.com
R:Kah Loun Foong
F:admin@admin.com
D:1386240122
S:no message
B:
@@fe_body_end@@
:100644 100644 a811eb17a0bf2ec32fe166e13823eaba345f0f65 ef6eb35bd06fad1beeafe4da4c875db64ab75eb2 M	newfile

C:0a7588a6fd3296af4272a92673bb78ec014a2b0e
P:17719d8def4a47185ef6e6d3ceada3249792b12b
A:Kah Loun Foong
E:admin@admin.com
R:Kah Loun Foong
F:admin@admin.com
D:1386250624
S:asdf
B:
@@fe_body_end@@
:100644 100644 ef6eb35bd06fad1beeafe4da4c875db64ab75eb2 1aea525de5ff81df66e1b1154aeeb22b49b96a19 M	newfile

C:9745d38486bfc085f00a897286502533bf87e691
P:0a7588a6fd3296af4272a92673bb78ec014a2b0e
A:Kah Loun Foong
E:admin@admin.com
R:Kah Loun Foong
F:admin@admin.com
D:1386250752
S:asdfasdf
B:
@@fe_body_end@@
:100644 100644 1aea525de5ff81df66e1b1154aeeb22b49b96a19 5052a1038d69c684d7727b596e0bff8096cf34e0 M	newfile

C:9f1cb4f0208afe3640b2c9b8589c946e0a7fd877
P:9745d38486bfc085f00a897286502533bf87e691
A:Kah Loun Foong
E:admin@admin.com
R:Kah Loun Foong
F:admin@admin.com
D:1386250940
S:asdf
B:
@@fe_body_end@@
:100644 100644 1aea525de5ff81df66e1b1154aeeb22b49b96a19 5052a1038d69c684d7727b596e0bff8096cf34e0 M	branches/newfile

C:8c9b90bee8909a4a10110502b8561b013e42be1d
P:9f1cb4f0208afe3640b2c9b8589c946e0a7fd877
A:Kah Loun Foong
E:admin@admin.com
R:Kah Loun Foong
F:admin@admin.com
D:1386680209
S:test
B:
@@fe_body_end@@
:100644 100644 5052a1038d69c684d7727b596e0bff8096cf34e0 51775f69d161e7638ec997e0b1d97a496f840624 M	newfile

C:b2fd036bf18139f37d63e638142cf3295796ab50
P:8c9b90bee8909a4a10110502b8561b013e42be1d
A:Kah Loun Foong
E:admin@admin.com
R:Kah Loun Foong
F:admin@admin.com
D:1386681885
S:test2
B:
@@fe_body_end@@
:100644 100644 51775f69d161e7638ec997e0b1d97a496f840624 dfc67bc78f19f269bd14ff594c4fcd8bbaeca2bd M	newfile

C:51794a2d5dac7c82e696322e180025bef107adce
P:b2fd036bf18139f37d63e638142cf3295796ab50
A:Kah Loun Foong
E:admin@admin.com
R:Kah Loun Foong
F:admin@admin.com
D:1387789097
S:zdgsdfgsdfg
B:
@@fe_body_end@@
:100644 100644 5052a1038d69c684d7727b596e0bff8096cf34e0 27e220dc9a720d56f86fb0076e6a56cf2d88f47a M	branches/newfile
:100644 100644 dfc67bc78f19f269bd14ff594c4fcd8bbaeca2bd 5cc5147c01ab3789c8b4ada7106cbb5fafe25b6e M	newfile
:100644 100644 e3169466da6549c2f845edc560eb14257899e9d4 c205c0418ef225d3ccb105018722c814f8d784cd M	patch.xml

C:80beb9c3b1c21d80ca0a15435a9026cf2c609a9f
P:51794a2d5dac7c82e696322e180025bef107adce
A:Kah Loun Foong
E:admin@admin.com
R:Kah Loun Foong
F:admin@admin.com
D:1387789171
S:asfasdfsadf
B:
@@fe_body_end@@
:100644 100644 5cc5147c01ab3789c8b4ada7106cbb5fafe25b6e c0f5c037869275125bbfea558dc3a287492bebc8 M	newfile

C:ca6e4a39fec60becc3fec83f5f8c0a10e7459409
P:80beb9c3b1c21d80ca0a15435a9026cf2c609a9f
A:Kah Loun Foong
E:admin@admin.com
R:Kah Loun Foong
F:admin@admin.com
D:1387789995
S:asdfasdfasdf
B:
@@fe_body_end@@
:100644 100644 c0f5c037869275125bbfea558dc3a287492bebc8 39ba51c0ead0f3db4505e86d9adf52ecca3eea1d M	newfile

C:2d712751327c681dfaf4c7d3500f53003c3b9ba7
P:ca6e4a39fec60becc3fec83f5f8c0a10e7459409
A:Kah Loun Foong
E:admin@admin.com
R:Kah Loun Foong
F:admin@admin.com
D:1387795212
S:new message3
B:
@@fe_body_end@@
:100644 100644 39ba51c0ead0f3db4505e86d9adf52ecca3eea1d d7664bda82478b5f54fc46a8e943e073d20e3646 M	newfile

C:e9059d84babece75b07114cff420f1e762684727
P:2d712751327c681dfaf4c7d3500f53003c3b9ba7 9c1ff5c9b855a8345309bed233401fe76f6ad1bd
A:Kah Loun Foong
E:admin@admin.com
R:Kah Loun Foong
F:admin@admin.com
D:1388493069
S:fix
B:
@@fe_body_end@@
:100644 100644 38be0f85f9ce21254254a57f6fa63c2a9da47383 8af17a40e3bbb577da4d587b3352c02de7c30c24 M	test2file

C:e9059d84babece75b07114cff420f1e762684727
P:2d712751327c681dfaf4c7d3500f53003c3b9ba7 9c1ff5c9b855a8345309bed233401fe76f6ad1bd
A:Kah Loun Foong
E:admin@admin.com
R:Kah Loun Foong
F:admin@admin.com
D:1388493069
S:fix
B:
@@fe_body_end@@
:000000 100644 0000000000000000000000000000000000000000 6889d28d11489eac32361293edd761fe29ba842f A	"\"target/logs\"/log"
:000000 100644 0000000000000000000000000000000000000000 98c057ee8955c51a64105ed867f88bbd4897c732 A	"\"target/testtarget"
:000000 100644 0000000000000000000000000000000000000000 3b8ded120a703cfcc71da8be0d963ec473eaa5d5 A	atlassian-fisheye-2013-10-25 copy 10.log
:000000 100644 0000000000000000000000000000000000000000 b5bc7236d6bee52dfcd371aea2e57b9d944eb5f2 A	atlassian-fisheye-2013-10-25 copy 11.log
:000000 100644 0000000000000000000000000000000000000000 f2de7ef9d2e720561b8e53f7108f505dc337921c A	atlassian-fisheye-2013-10-25 copy 12.log
:000000 100644 0000000000000000000000000000000000000000 0ebaf75494c67da7babadb4eae255f1181cde51f A	atlassian-fisheye-2013-10-25 copy 13.log
:000000 100644 0000000000000000000000000000000000000000 5a7dc67d87296bb1b2dc48ec2722be5ca68e26b6 A	atlassian-fisheye-2013-10-25 copy 14.log
:000000 100644 0000000000000000000000000000000000000000 928d33fbd4fe809b82df455d59a62930b440b9e5 A	atlassian-fisheye-2013-10-25 copy 15.log
:000000 100644 0000000000000000000000000000000000000000 10ec176d423b05190848bee7146707842612c79b A	atlassian-fisheye-2013-10-25 copy 16.log
:000000 100644 0000000000000000000000000000000000000000 3552a1052c0ca3d0667a834cee409555623032b3 A	atlassian-fisheye-2013-10-25 copy 17.log
:000000 100644 0000000000000000000000000000000000000000 b05e831901f213ea9c56c87801a2cf3f39e4f35f A	atlassian-fisheye-2013-10-25 copy 18.log
:000000 100644 0000000000000000000000000000000000000000 3dad8a5cdb572d64fd71914aeb660517ad45dcf6 A	atlassian-fisheye-2013-10-25 copy 19.log
:000000 100644 0000000000000000000000000000000000000000 6260c6eb95afe913787485c746b0abd139fd1a4f A	atlassian-fisheye-2013-10-25 copy 2.log
:000000 100644 0000000000000000000000000000000000000000 be5967242e315a45f9d69e2f6ee2a752c3e42bb7 A	atlassian-fisheye-2013-10-25 copy 20.log
:000000 100644 0000000000000000000000000000000000000000 683e4cc27b9d997e0bb83f2d637289239c07644a A	atlassian-fisheye-2013-10-25 copy 21.log
:000000 100644 0000000000000000000000000000000000000000 99ac813e1c3e7fba7e530449ee6e30683fd00b62 A	atlassian-fisheye-2013-10-25 copy 22.log
:000000 100644 0000000000000000000000000000000000000000 ca47851f1dfaf080b88611a395386c223ab56596 A	atlassian-fisheye-2013-10-25 copy 23.log
:000000 100644 0000000000000000000000000000000000000000 e0fcbbe58591736a10f20677bd2c3e1561eaccab A	atlassian-fisheye-2013-10-25 copy 24.log
:000000 100644 0000000000000000000000000000000000000000 a7bc850d9dce64e39011f6cd072db12626323dac A	atlassian-fisheye-2013-10-25 copy 25.log
:000000 100644 0000000000000000000000000000000000000000 dbfd311d1e70825109f6330e8d3e884579190595 A	atlassian-fisheye-2013-10-25 copy 26.log
:000000 100644 0000000000000000000000000000000000000000 aadcd416b7f8e5e534f4edaf44251d30bfbcd2f9 A	atlassian-fisheye-2013-10-25 copy 27.log
:000000 100644 0000000000000000000000000000000000000000 5714d010ee001daec6e6ba5ec1148919e73f75e2 A	atlassian-fisheye-2013-10-25 copy 28.log
:000000 100644 0000000000000000000000000000000000000000 f5463009ad471fd3fb4352364f1282d3c4e3b4e1 A	atlassian-fisheye-2013-10-25 copy 29.log
:000000 100644 0000000000000000000000000000000000000000 b3ab41be996fb4b1ff5b50f1dd96870968908d1c A	atlassian-fisheye-2013-10-25 copy 3.log
:000000 100644 0000000000000000000000000000000000000000 da69bc903953606f32185129ac6916b79abdbab1 A	atlassian-fisheye-2013-10-25 copy 30.log
:000000 100644 0000000000000000000000000000000000000000 d8b8569cbab5307ab10e777b444b83587aac4b2f A	atlassian-fisheye-2013-10-25 copy 31.log
:000000 100644 0000000000000000000000000000000000000000 c68841be253633d010852cd8d79dc1fdbf560d2c A	atlassian-fisheye-2013-10-25 copy 4.log
:000000 100644 0000000000000000000000000000000000000000 74b80dd6599b4b9c6227d67ee329b5e5db2f8c8a A	atlassian-fisheye-2013-10-25 copy 5.log
:000000 100644 0000000000000000000000000000000000000000 19ab82c5b9d7f2dd5ab4f67f7b2d790fbf2e84fd A	atlassian-fisheye-2013-10-25 copy 6.log
:000000 100644 0000000000000000000000000000000000000000 93184950a0aebeb8f96ca88d6bc06e252277b63a A	atlassian-fisheye-2013-10-25 copy 7.log
:000000 100644 0000000000000000000000000000000000000000 498fec88e7ec6c75cad52ff513814165befdf44b A	atlassian-fisheye-2013-10-25 copy 8.log
:000000 100644 0000000000000000000000000000000000000000 10eee7d7d54a4dce2a3c3fc432335f3cf8999685 A	atlassian-fisheye-2013-10-25 copy 9.log
:000000 100644 0000000000000000000000000000000000000000 c115cde6b0090cd790167b09ba7eef4847666d16 A	atlassian-fisheye-2013-10-25 copy.log
:000000 100644 0000000000000000000000000000000000000000 a077d170b5c29fc042a7ab70c2da31551848c24d A	atlassian-fisheye-2013-10-25.log
:100644 100644 e0cc9a2df65affc43883fa6bc942076f2e52f8a7 07d61dde8d2886d40fa6ac2a18bed2de3b9f84fe M	b.txt
:100644 100644 1aea525de5ff81df66e1b1154aeeb22b49b96a19 27e220dc9a720d56f86fb0076e6a56cf2d88f47a M	branches/newfile
:000000 100644 0000000000000000000000000000000000000000 f13588b91f5e9166eefb16d8f71dbd1227753596 A	branches/こんにちは
:000000 100644 0000000000000000000000000000000000000000 4acf3e2d2572d6b98388eb40146999bd6f147841 A	diff
:000000 100644 0000000000000000000000000000000000000000 d7664bda82478b5f54fc46a8e943e073d20e3646 A	newfile
:100644 100644 e3169466da6549c2f845edc560eb14257899e9d4 c205c0418ef225d3ccb105018722c814f8d784cd M	patch.xml
:100644 100644 9a8684a4bf4d0512bf0ebc538f0588ac237bfd84 8af17a40e3bbb577da4d587b3352c02de7c30c24 M	test2file
:100644 100644 d5c4eeb27e8e1c91c9e6395b15ab318663aa78c2 64a7960b3eea3a24d98bd6ba70ab145493d5147d M	test3file
:100644 100644 d9d4fdf18efe9257e67bf3c3e4ac492b6b027d87 fd535120c09f9edf952898e8c7347f4429c6dade M	testfile

C:5b409123bf2d06a26d91e3b894f146e92adc2607
P:9c1ff5c9b855a8345309bed233401fe76f6ad1bd
A:Kah Loun Foong
E:admin@admin.com
R:Kah Loun Foong
F:admin@admin.com
D:1388493418
S:asdfasdf
B:
@@fe_body_end@@
:100644 100644 9a8684a4bf4d0512bf0ebc538f0588ac237bfd84 8d8c02858b92bc4eb11107576d64f71e97940af9 M	test2file

C:896252fb63fb2ffea55ef8c9eeb8e4a3a719c48b
P:e9059d84babece75b07114cff420f1e762684727 5b409123bf2d06a26d91e3b894f146e92adc2607
A:Kah Loun Foong
E:admin@admin.com
R:Kah Loun Foong
F:admin@admin.com
D:1388493514
S:asdf
B:
@@fe_body_end@@
:100644 100644 8af17a40e3bbb577da4d587b3352c02de7c30c24 e7977148a9cace1097dbc8c4219b85853e97914d M	test2file

C:896252fb63fb2ffea55ef8c9eeb8e4a3a719c48b
P:e9059d84babece75b07114cff420f1e762684727 5b409123bf2d06a26d91e3b894f146e92adc2607
A:Kah Loun Foong
E:admin@admin.com
R:Kah Loun Foong
F:admin@admin.com
D:1388493514
S:asdf
B:
@@fe_body_end@@
:000000 100644 0000000000000000000000000000000000000000 6889d28d11489eac32361293edd761fe29ba842f A	"\"target/logs\"/log"
:000000 100644 0000000000000000000000000000000000000000 98c057ee8955c51a64105ed867f88bbd4897c732 A	"\"target/testtarget"
:000000 100644 0000000000000000000000000000000000000000 3b8ded120a703cfcc71da8be0d963ec473eaa5d5 A	atlassian-fisheye-2013-10-25 copy 10.log
:000000 100644 0000000000000000000000000000000000000000 b5bc7236d6bee52dfcd371aea2e57b9d944eb5f2 A	atlassian-fisheye-2013-10-25 copy 11.log
:000000 100644 0000000000000000000000000000000000000000 f2de7ef9d2e720561b8e53f7108f505dc337921c A	atlassian-fisheye-2013-10-25 copy 12.log
:000000 100644 0000000000000000000000000000000000000000 0ebaf75494c67da7babadb4eae255f1181cde51f A	atlassian-fisheye-2013-10-25 copy 13.log
:000000 100644 0000000000000000000000000000000000000000 5a7dc67d87296bb1b2dc48ec2722be5ca68e26b6 A	atlassian-fisheye-2013-10-25 copy 14.log
:000000 100644 0000000000000000000000000000000000000000 928d33fbd4fe809b82df455d59a62930b440b9e5 A	atlassian-fisheye-2013-10-25 copy 15.log
:000000 100644 0000000000000000000000000000000000000000 10ec176d423b05190848bee7146707842612c79b A	atlassian-fisheye-2013-10-25 copy 16.log
:000000 100644 0000000000000000000000000000000000000000 3552a1052c0ca3d0667a834cee409555623032b3 A	atlassian-fisheye-2013-10-25 copy 17.log
:000000 100644 0000000000000000000000000000000000000000 b05e831901f213ea9c56c87801a2cf3f39e4f35f A	atlassian-fisheye-2013-10-25 copy 18.log
:000000 100644 0000000000000000000000000000000000000000 3dad8a5cdb572d64fd71914aeb660517ad45dcf6 A	atlassian-fisheye-2013-10-25 copy 19.log
:000000 100644 0000000000000000000000000000000000000000 6260c6eb95afe913787485c746b0abd139fd1a4f A	atlassian-fisheye-2013-10-25 copy 2.log
:000000 100644 0000000000000000000000000000000000000000 be5967242e315a45f9d69e2f6ee2a752c3e42bb7 A	atlassian-fisheye-2013-10-25 copy 20.log
:000000 100644 0000000000000000000000000000000000000000 683e4cc27b9d997e0bb83f2d637289239c07644a A	atlassian-fisheye-2013-10-25 copy 21.log
:000000 100644 0000000000000000000000000000000000000000 99ac813e1c3e7fba7e530449ee6e30683fd00b62 A	atlassian-fisheye-2013-10-25 copy 22.log
:000000 100644 0000000000000000000000000000000000000000 ca47851f1dfaf080b88611a395386c223ab56596 A	atlassian-fisheye-2013-10-25 copy 23.log
:000000 100644 0000000000000000000000000000000000000000 e0fcbbe58591736a10f20677bd2c3e1561eaccab A	atlassian-fisheye-2013-10-25 copy 24.log
:000000 100644 0000000000000000000000000000000000000000 a7bc850d9dce64e39011f6cd072db12626323dac A	atlassian-fisheye-2013-10-25 copy 25.log
:000000 100644 0000000000000000000000000000000000000000 dbfd311d1e70825109f6330e8d3e884579190595 A	atlassian-fisheye-2013-10-25 copy 26.log
:000000 100644 0000000000000000000000000000000000000000 aadcd416b7f8e5e534f4edaf44251d30bfbcd2f9 A	atlassian-fisheye-2013-10-25 copy 27.log
:000000 100644 0000000000000000000000000000000000000000 5714d010ee001daec6e6ba5ec1148919e73f75e2 A	atlassian-fisheye-2013-10-25 copy 28.log
:000000 100644 0000000000000000000000000000000000000000 f5463009ad471fd3fb4352364f1282d3c4e3b4e1 A	atlassian-fisheye-2013-10-25 copy 29.log
:000000 100644 0000000000000000000000000000000000000000 b3ab41be996fb4b1ff5b50f1dd96870968908d1c A	atlassian-fisheye-2013-10-25 copy 3.log
:000000 100644 0000000000000000000000000000000000000000 da69bc903953606f32185129ac6916b79abdbab1 A	atlassian-fisheye-2013-10-25 copy 30.log
:000000 100644 0000000000000000000000000000000000000000 d8b8569cbab5307ab10e777b444b83587aac4b2f A	atlassian-fisheye-2013-10-25 copy 31.log
:000000 100644 0000000000000000000000000000000000000000 c68841be253633d010852cd8d79dc1fdbf560d2c A	atlassian-fisheye-2013-10-25 copy 4.log
:000000 100644 0000000000000000000000000000000000000000 74b80dd6599b4b9c6227d67ee329b5e5db2f8c8a A	atlassian-fisheye-2013-10-25 copy 5.log
:000000 100644 0000000000000000000000000000000000000000 19ab82c5b9d7f2dd5ab4f67f7b2d790fbf2e84fd A	atlassian-fisheye-2013-10-25 copy 6.log
:000000 100644 0000000000000000000000000000000000000000 93184950a0aebeb8f96ca88d6bc06e252277b63a A	atlassian-fisheye-2013-10-25 copy 7.log
:000000 100644 0000000000000000000000000000000000000000 498fec88e7ec6c75cad52ff513814165befdf44b A	atlassian-fisheye-2013-10-25 copy 8.log
:000000 100644 0000000000000000000000000000000000000000 10eee7d7d54a4dce2a3c3fc432335f3cf8999685 A	atlassian-fisheye-2013-10-25 copy 9.log
:000000 100644 0000000000000000000000000000000000000000 c115cde6b0090cd790167b09ba7eef4847666d16 A	atlassian-fisheye-2013-10-25 copy.log
:000000 100644 0000000000000000000000000000000000000000 a077d170b5c29fc042a7ab70c2da31551848c24d A	atlassian-fisheye-2013-10-25.log
:100644 100644 e0cc9a2df65affc43883fa6bc942076f2e52f8a7 07d61dde8d2886d40fa6ac2a18bed2de3b9f84fe M	b.txt
:100644 100644 1aea525de5ff81df66e1b1154aeeb22b49b96a19 27e220dc9a720d56f86fb0076e6a56cf2d88f47a M	branches/newfile
:000000 100644 0000000000000000000000000000000000000000 f13588b91f5e9166eefb16d8f71dbd1227753596 A	branches/こんにちは
:000000 100644 0000000000000000000000000000000000000000 4acf3e2d2572d6b98388eb40146999bd6f147841 A	diff
:000000 100644 0000000000000000000000000000000000000000 d7664bda82478b5f54fc46a8e943e073d20e3646 A	newfile
:100644 100644 e3169466da6549c2f845edc560eb14257899e9d4 c205c0418ef225d3ccb105018722c814f8d784cd M	patch.xml
:100644 100644 8d8c02858b92bc4eb11107576d64f71e97940af9 e7977148a9cace1097dbc8c4219b85853e97914d M	test2file
:100644 100644 d5c4eeb27e8e1c91c9e6395b15ab318663aa78c2 64a7960b3eea3a24d98bd6ba70ab145493d5147d M	test3file
:100644 100644 d9d4fdf18efe9257e67bf3c3e4ac492b6b027d87 fd535120c09f9edf952898e8c7347f4429c6dade M	testfile

C:d2739b3f3290d7913bb8650a28e5432e122d45ec
P:896252fb63fb2ffea55ef8c9eeb8e4a3a719c48b
A:Kah Loun Foong
E:admin@admin.com
R:Kah Loun Foong
F:admin@admin.com
D:1388493583
S:asdfasdf
B:
@@fe_body_end@@
:100644 100644 e7977148a9cace1097dbc8c4219b85853e97914d 8d8c02858b92bc4eb11107576d64f71e97940af9 M	test2file

C:88b219d15f2159df0ae1762ef722202735d04298
P:5b409123bf2d06a26d91e3b894f146e92adc2607
A:Kah Loun Foong
E:admin@admin.com
R:Kah Loun Foong
F:admin@admin.com
D:1388493612
S:asdfasdfasdf
B:
@@fe_body_end@@
:100644 100644 8d8c02858b92bc4eb11107576d64f71e97940af9 e5f2766ae70e21c462cb8727a6fc2cdbdae903ae M	test2file

C:d46e591f55ab29801c4441e2334511df5bdf3db7
P:d2739b3f3290d7913bb8650a28e5432e122d45ec 88b219d15f2159df0ae1762ef722202735d04298
A:Kah Loun Foong
E:admin@admin.com
R:Kah Loun Foong
F:admin@admin.com
D:1388493644
S:Merge branch 'newbranch'
B:
@@fe_body_end@@
:100644 100644 8d8c02858b92bc4eb11107576d64f71e97940af9 e5f2766ae70e21c462cb8727a6fc2cdbdae903ae M	test2file

C:d46e591f55ab29801c4441e2334511df5bdf3db7
P:d2739b3f3290d7913bb8650a28e5432e122d45ec 88b219d15f2159df0ae1762ef722202735d04298
A:Kah Loun Foong
E:admin@admin.com
R:Kah Loun Foong
F:admin@admin.com
D:1388493644
S:Merge branch 'newbranch'
B:
@@fe_body_end@@
:000000 100644 0000000000000000000000000000000000000000 6889d28d11489eac32361293edd761fe29ba842f A	"\"target/logs\"/log"
:000000 100644 0000000000000000000000000000000000000000 98c057ee8955c51a64105ed867f88bbd4897c732 A	"\"target/testtarget"
:000000 100644 0000000000000000000000000000000000000000 3b8ded120a703cfcc71da8be0d963ec473eaa5d5 A	atlassian-fisheye-2013-10-25 copy 10.log
:000000 100644 0000000000000000000000000000000000000000 b5bc7236d6bee52dfcd371aea2e57b9d944eb5f2 A	atlassian-fisheye-2013-10-25 copy 11.log
:000000 100644 0000000000000000000000000000000000000000 f2de7ef9d2e720561b8e53f7108f505dc337921c A	atlassian-fisheye-2013-10-25 copy 12.log
:000000 100644 0000000000000000000000000000000000000000 0ebaf75494c67da7babadb4eae255f1181cde51f A	atlassian-fisheye-2013-10-25 copy 13.log
:000000 100644 0000000000000000000000000000000000000000 5a7dc67d87296bb1b2dc48ec2722be5ca68e26b6 A	atlassian-fisheye-2013-10-25 copy 14.log
:000000 100644 0000000000000000000000000000000000000000 928d33fbd4fe809b82df455d59a62930b440b9e5 A	atlassian-fisheye-2013-10-25 copy 15.log
:000000 100644 0000000000000000000000000000000000000000 10ec176d423b05190848bee7146707842612c79b A	atlassian-fisheye-2013-10-25 copy 16.log
:000000 100644 0000000000000000000000000000000000000000 3552a1052c0ca3d0667a834cee409555623032b3 A	atlassian-fisheye-2013-10-25 copy 17.log
:000000 100644 0000000000000000000000000000000000000000 b05e831901f213ea9c56c87801a2cf3f39e4f35f A	atlassian-fisheye-2013-10-25 copy 18.log
:000000 100644 0000000000000000000000000000000000000000 3dad8a5cdb572d64fd71914aeb660517ad45dcf6 A	atlassian-fisheye-2013-10-25 copy 19.log
:000000 100644 0000000000000000000000000000000000000000 6260c6eb95afe913787485c746b0abd139fd1a4f A	atlassian-fisheye-2013-10-25 copy 2.log
:000000 100644 0000000000000000000000000000000000000000 be5967242e315a45f9d69e2f6ee2a752c3e42bb7 A	atlassian-fisheye-2013-10-25 copy 20.log
:000000 100644 0000000000000000000000000000000000000000 683e4cc27b9d997e0bb83f2d637289239c07644a A	atlassian-fisheye-2013-10-25 copy 21.log
:000000 100644 0000000000000000000000000000000000000000 99ac813e1c3e7fba7e530449ee6e30683fd00b62 A	atlassian-fisheye-2013-10-25 copy 22.log
:000000 100644 0000000000000000000000000000000000000000 ca47851f1dfaf080b88611a395386c223ab56596 A	atlassian-fisheye-2013-10-25 copy 23.log
:000000 100644 0000000000000000000000000000000000000000 e0fcbbe58591736a10f20677bd2c3e1561eaccab A	atlassian-fisheye-2013-10-25 copy 24.log
:000000 100644 0000000000000000000000000000000000000000 a7bc850d9dce64e39011f6cd072db12626323dac A	atlassian-fisheye-2013-10-25 copy 25.log
:000000 100644 0000000000000000000000000000000000000000 dbfd311d1e70825109f6330e8d3e884579190595 A	atlassian-fisheye-2013-10-25 copy 26.log
:000000 100644 0000000000000000000000000000000000000000 aadcd416b7f8e5e534f4edaf44251d30bfbcd2f9 A	atlassian-fisheye-2013-10-25 copy 27.log
:000000 100644 0000000000000000000000000000000000000000 5714d010ee001daec6e6ba5ec1148919e73f75e2 A	atlassian-fisheye-2013-10-25 copy 28.log
:000000 100644 0000000000000000000000000000000000000000 f5463009ad471fd3fb4352364f1282d3c4e3b4e1 A	atlassian-fisheye-2013-10-25 copy 29.log
:000000 100644 0000000000000000000000000000000000000000 b3ab41be996fb4b1ff5b50f1dd96870968908d1c A	atlassian-fisheye-2013-10-25 copy 3.log
:000000 100644 0000000000000000000000000000000000000000 da69bc903953606f32185129ac6916b79abdbab1 A	atlassian-fisheye-2013-10-25 copy 30.log
:000000 100644 0000000000000000000000000000000000000000 d8b8569cbab5307ab10e777b444b83587aac4b2f A	atlassian-fisheye-2013-10-25 copy 31.log
:000000 100644 0000000000000000000000000000000000000000 c68841be253633d010852cd8d79dc1fdbf560d2c A	atlassian-fisheye-2013-10-25 copy 4.log
:000000 100644 0000000000000000000000000000000000000000 74b80dd6599b4b9c6227d67ee329b5e5db2f8c8a A	atlassian-fisheye-2013-10-25 copy 5.log
:000000 100644 0000000000000000000000000000000000000000 19ab82c5b9d7f2dd5ab4f67f7b2d790fbf2e84fd A	atlassian-fisheye-2013-10-25 copy 6.log
:000000 100644 0000000000000000000000000000000000000000 93184950a0aebeb8f96ca88d6bc06e252277b63a A	atlassian-fisheye-2013-10-25 copy 7.log
:000000 100644 0000000000000000000000000000000000000000 498fec88e7ec6c75cad52ff513814165befdf44b A	atlassian-fisheye-2013-10-25 copy 8.log
:000000 100644 0000000000000000000000000000000000000000 10eee7d7d54a4dce2a3c3fc432335f3cf8999685 A	atlassian-fisheye-2013-10-25 copy 9.log
:000000 100644 0000000000000000000000000000000000000000 c115cde6b0090cd790167b09ba7eef4847666d16 A	atlassian-fisheye-2013-10-25 copy.log
:000000 100644 0000000000000000000000000000000000000000 a077d170b5c29fc042a7ab70c2da31551848c24d A	atlassian-fisheye-2013-10-25.log
:100644 100644 e0cc9a2df65affc43883fa6bc942076f2e52f8a7 07d61dde8d2886d40fa6ac2a18bed2de3b9f84fe M	b.txt
:100644 100644 1aea525de5ff81df66e1b1154aeeb22b49b96a19 27e220dc9a720d56f86fb0076e6a56cf2d88f47a M	branches/newfile
:000000 100644 0000000000000000000000000000000000000000 f13588b91f5e9166eefb16d8f71dbd1227753596 A	branches/こんにちは
:000000 100644 0000000000000000000000000000000000000000 4acf3e2d2572d6b98388eb40146999bd6f147841 A	diff
:000000 100644 0000000000000000000000000000000000000000 d7664bda82478b5f54fc46a8e943e073d20e3646 A	newfile
:100644 100644 e3169466da6549c2f845edc560eb14257899e9d4 c205c0418ef225d3ccb105018722c814f8d784cd M	patch.xml
:100644 100644 d5c4eeb27e8e1c91c9e6395b15ab318663aa78c2 64a7960b3eea3a24d98bd6ba70ab145493d5147d M	test3file
:100644 100644 d9d4fdf18efe9257e67bf3c3e4ac492b6b027d87 fd535120c09f9edf952898e8c7347f4429c6dade M	testfile

C:1f50db372e7f5a4936935330fb095404bae53959
P:d46e591f55ab29801c4441e2334511df5bdf3db7
A:Kah Loun Foong
E:admin@admin.com
R:Kah Loun Foong
F:admin@admin.com
D:1388494783
S:asdfasdfasdf
B:
@@fe_body_end@@
:100644 100644 e5f2766ae70e21c462cb8727a6fc2cdbdae903ae bbf9178b1e9975f04af97d683f1f449a643b119b M	test2file

C:82b8628d0e1f20230ad3a90baf0383319d29d92e
P:1f50db372e7f5a4936935330fb095404bae53959
A:Kah Loun Foong
E:admin@admin.com
R:Kah Loun Foong
F:admin@admin.com
D:1389839845
S:TST-1 #time 1h #comment test
B:
@@fe_body_end@@
:100644 100644 07d61dde8d2886d40fa6ac2a18bed2de3b9f84fe adbc3dff2fbef555b74a87dd9f689360acede034 M	b.txt

C:2bba86d4180702547fd3b1cec473c034c7b5b624
P:82b8628d0e1f20230ad3a90baf0383319d29d92e
A:Kah Loun Foong
E:admin@admin.com
R:Kah Loun Foong
F:admin@admin.com
D:1389840356
S:smart commit TST-1 #time 1h #comment test
B:
@@fe_body_end@@
:100644 100644 adbc3dff2fbef555b74a87dd9f689360acede034 ead8acf07a943c73e7fc829759f9e9b35662026d M	b.txt

C:e232b3355a4a35720338529b7d9d1d5f247d121e
P:2bba86d4180702547fd3b1cec473c034c7b5b624
A:Kah Loun Foong
E:admin@admin.com
R:Kah Loun Foong
F:admin@admin.com
D:1389840840
S:smart commit 2 TST-1 #time 1h #comment test
B:
@@fe_body_end@@
:100644 100644 ead8acf07a943c73e7fc829759f9e9b35662026d 3e7dc86ae27f1c16a2cb3cafbe76ef0708f295f3 M	b.txt

C:cdd1cf1dcc45e8687bb792c1d558eea862c2c67d
P:e232b3355a4a35720338529b7d9d1d5f247d121e
A:Kah Loun Foong
E:admin@admin.com
R:Kah Loun Foong
F:admin@admin.com
D:1389840983
S:TST-1 #time 1h smart commit 3  #comment test
B:
@@fe_body_end@@
:100644 100644 3e7dc86ae27f1c16a2cb3cafbe76ef0708f295f3 ed0a7547b4e5bbdcff6523090a4c866cab3fadbf M	b.txt

C:747f5c292482d395c7c3638efdb5215c59ebd815
P:cdd1cf1dcc45e8687bb792c1d558eea862c2c67d
A:Kah Loun Foong
E:admin@admin.com
R:Kah Loun Foong
F:admin@admin.com
D:1389841191
S:TST-1 #time 1h smart commit 4
B:
@@fe_body_end@@
:100644 100644 ed0a7547b4e5bbdcff6523090a4c866cab3fadbf 3f800cb3776abaa14cb9b32105cd756b5c7f0ab2 M	b.txt

C:e24b0cb9ebc10bb8fbed6a2640c822b75c074e64
P:747f5c292482d395c7c3638efdb5215c59ebd815
A:Kah Loun Foong
E:admin@admin.com
R:Kah Loun Foong
F:admin@admin.com
D:1389841545
S:TST-1 #time 1h smart commit 5
B:
@@fe_body_end@@
:100644 100644 3f800cb3776abaa14cb9b32105cd756b5c7f0ab2 8d3c56775b71d2810f4a037e9e4011a48baeec6f M	b.txt

C:8b69f9e2c3fd8cdd48972f2d9c024e876fbc11d5
P:e24b0cb9ebc10bb8fbed6a2640c822b75c074e64
A:Kah Loun Foong
E:admin@admin.com
R:Kah Loun Foong
F:admin@admin.com
D:1389841624
S:TST-1 #time 1h smart commit 6
B:
@@fe_body_end@@
:100644 100644 8d3c56775b71d2810f4a037e9e4011a48baeec6f 07d61dde8d2886d40fa6ac2a18bed2de3b9f84fe M	b.txt

C:5e3908a8176d8a2b82bc8a55d9541396386055fc
P:8b69f9e2c3fd8cdd48972f2d9c024e876fbc11d5
A:Kah Loun Foong
E:admin@admin.com
R:Kah Loun Foong
F:admin@admin.com
D:1389843028
S:TST-1 #time 1h smart commit 7
B:
@@fe_body_end@@
:100644 100644 07d61dde8d2886d40fa6ac2a18bed2de3b9f84fe 85f3a00d1452be0190a957411a1366d60980bdc4 M	b.txt

C:750dbc786416df8efe6237835aafb87e955494e9
P:5e3908a8176d8a2b82bc8a55d9541396386055fc
A:Kah Loun Foong
E:admin@admin.com
R:Kah Loun Foong
F:admin@admin.com
D:1389843432
S:TST-1 #time 1h smart commit 8
B:
@@fe_body_end@@
:100644 100644 85f3a00d1452be0190a957411a1366d60980bdc4 dda836b6dd6a86c7a7dc6ffecbc8d11d437a5a20 M	b.txt

C:f0f9b1001e297b1667603bf9587495978d673fcd
P:750dbc786416df8efe6237835aafb87e955494e9
A:Kah Loun Foong
E:admin@admin.com
R:Kah Loun Foong
F:admin@admin.com
D:1391591598
S:asdfasdf
B:
@@fe_body_end@@
:100644 100644 dda836b6dd6a86c7a7dc6ffecbc8d11d437a5a20 49cb1a7f6b7df4a496ba96b1a3341e32b3fd83d3 M	b.txt

C:ba4690323a123f5af382dfb262dc92586dc5c5a6
P:750dbc786416df8efe6237835aafb87e955494e9 f0f9b1001e297b1667603bf9587495978d673fcd
A:kah loun
E:admin@admin.com
R:kah loun
F:admin@admin.com
D:1393578840
S:asdf
B:
@@fe_body_end@@
:100644 100644 d7664bda82478b5f54fc46a8e943e073d20e3646 ff2f530afde7ee214c925361d17a18ecdd0feafc M	newfile

C:ba4690323a123f5af382dfb262dc92586dc5c5a6
P:750dbc786416df8efe6237835aafb87e955494e9 f0f9b1001e297b1667603bf9587495978d673fcd
A:kah loun
E:admin@admin.com
R:kah loun
F:admin@admin.com
D:1393578840
S:asdf
B:
@@fe_body_end@@
:100644 100644 49cb1a7f6b7df4a496ba96b1a3341e32b3fd83d3 dda836b6dd6a86c7a7dc6ffecbc8d11d437a5a20 M	b.txt
:100644 100644 d7664bda82478b5f54fc46a8e943e073d20e3646 ff2f530afde7ee214c925361d17a18ecdd0feafc M	newfile

C:f488453f97f934529a7b6afd27f2556f90dadb1a
P:ba4690323a123f5af382dfb262dc92586dc5c5a6
A:kah loun
E:admin@admin.com
R:kah loun
F:admin@admin.com
D:1393578904
S:TST-1 #time 1h smart commit
B:
@@fe_body_end@@
:100644 100644 ff2f530afde7ee214c925361d17a18ecdd0feafc 8e8cc7e920d948b84e6c63fb9215951c345e358e M	newfile

C:013ddafcabda169904e4d785680fd0f1dfd77b7c
P:f488453f97f934529a7b6afd27f2556f90dadb1a
A:kah loun
E:admin@admin.com
R:kah loun
F:admin@admin.com
D:1393579385
S:TST-1 #time 1h smart commit 2
B:
@@fe_body_end@@
:100644 100644 8e8cc7e920d948b84e6c63fb9215951c345e358e 01345bf57d5bcf38e15685efaedd88a8fa80c3af M	newfile

C:2c00d1c1fcd6e712a1cbe396983606c4eab1097a
P:013ddafcabda169904e4d785680fd0f1dfd77b7c
A:kah loun
E:admin@admin.com
R:kah loun
F:admin@admin.com
D:1393579759
S:TST-1 #time 1h smart commit 3
B:
@@fe_body_end@@
:100644 100644 01345bf57d5bcf38e15685efaedd88a8fa80c3af bad98bd8556807feb778be421bc91e77151c35c8 M	newfile

C:71d2dc3cdf56d899250b7bdc1266d62495ffcd91
P:2c00d1c1fcd6e712a1cbe396983606c4eab1097a
A:kah loun
E:admin@admin.com
R:kah loun
F:admin@admin.com
D:1394181268
S:asdf
B:
@@fe_body_end@@
:100644 100644 dda836b6dd6a86c7a7dc6ffecbc8d11d437a5a20 56848321922562662a39f2d1d43b12b10db93e83 M	b.txt

C:d27504263497e9ba873f0c8b2ad80ff4a37a83fb
P:71d2dc3cdf56d899250b7bdc1266d62495ffcd91
A:kah loun
E:admin@admin.com
R:kah loun
F:admin@admin.com
D:1397813621
S:new line
B:
@@fe_body_end@@
:100644 100644 23a3a9d599131d7f61b7383e5814c63e63ed186d 23a3a9d599131d7f61b7383e5814c63e63ed186d R100	very long file nameeeeeeeeeeeeeeeeeeeeeeeeeeeeeeeeeeeeeeeeeeeeeeeeeeeeeeeeeeeeeeeeeeeeeeeeeeeeeeeeeeeeeeeeeeeeeeeeeeeeeeeeeeeeeeeeeeeeeeeeeeeeeeeeeeeeeeeeeeeeeeeeeeeeeeeeeeee.txt	"branches/new line \n"

C:ed10540e16b1952dee7828d70d5fb96514b9df2c
P:d27504263497e9ba873f0c8b2ad80ff4a37a83fb
A:kah loun
E:admin@admin.com
R:kah loun
F:admin@admin.com
D:1397813905
S:asd
B:
@@fe_body_end@@
:100644 100644 23a3a9d599131d7f61b7383e5814c63e63ed186d 23a3a9d599131d7f61b7383e5814c63e63ed186d R100	"branches/new line \n"	"\n"
:000000 100644 0000000000000000000000000000000000000000 c4385273659d324d829867674cf42bb5bc85111c A	branches/patch.xml
